2026-07-11 14:32:06,164 [INFO] TG: 🚀 미장 급등주 스캘퍼 시작 [모의투자] 초입(+5.0%/-3.0%) + 추격(+3.0%/-2.0%)
2026-07-13 13:30:08,217 [INFO] TG: 🔔 미국장 개장 — 스캔 시작
2026-07-13 13:30:21,195 [INFO] 스캔완료 후보=15 초입=3 추격=12 통과=0 매수=0 보유=0/3 | 탈락: BBD(early·모멘텀), SNDQ(거래소), SOXS(거래소), KXIN(chase·모멘텀), RXT(chase·모멘텀)
2026-07-13 13:31:32,595 [INFO] TG: 🟢 매수[초입] NOWL 36주 @$5.43 [NASD] (+6.8%)
2026-07-13 13:31:37,892 [INFO] 스캔완료 후보=33 초입=25 추격=8 통과=1 매수=1 보유=1/3 | 통과: NOWL(early) | 탈락: TDIC(early·모멘텀), BATL(early·모멘텀), MUD(early·모멘텀), MSTZ(거래소), CCC(early·모멘텀)
2026-07-13 13:31:37,938 [INFO] 감시 NOWL pnl=-1.5% price=5.35 age=0s
2026-07-13 13:31:48,520 [INFO] 감시 NOWL pnl=-1.0% price=5.38 age=0s
2026-07-13 13:31:59,100 [INFO] 감시 NOWL pnl=-1.4% price=5.35 age=0s
2026-07-13 13:32:09,692 [INFO] 감시 NOWL pnl=-1.4% price=5.36 age=0s
2026-07-13 13:32:20,282 [INFO] 감시 NOWL pnl=-1.3% price=5.36 age=0s
2026-07-13 13:32:30,885 [INFO] 감시 NOWL pnl=-1.8% price=5.33 age=0s
2026-07-13 13:32:41,529 [INFO] 감시 NOWL pnl=-2.3% price=5.30 age=0s
2026-07-13 13:32:51,605 [INFO] 스캔완료 후보=30 초입=23 추격=7 통과=0 매수=0 보유=1/3 | 탈락: TDIC(early·모멘텀), MSTZ(거래소), MUD(early·모멘텀), RGTZ(early·모멘텀), CODI(early·모멘텀)
2026-07-13 13:32:51,652 [INFO] 감시 NOWL pnl=-2.5% price=5.29 age=0s
2026-07-13 13:33:02,269 [INFO] 감시 NOWL pnl=-2.7% price=5.29 age=0s
2026-07-13 13:33:12,875 [INFO] 감시 NOWL pnl=-2.9% price=5.27 age=0s
2026-07-13 13:33:23,466 [INFO] 감시 NOWL pnl=-3.1% price=5.26 age=0s
2026-07-13 13:33:25,474 [INFO] TG: 🔴 매도[초입] NOWL 36주 @$5.26 — 손절 -3.1%
2026-07-13 13:34:05,147 [INFO] TG: 🟢 매수[초입] RGTZ 38주 @$5.17 [NASD] (+7.5%)
2026-07-13 13:34:10,501 [INFO] 스캔완료 후보=30 초입=23 추격=7 통과=1 매수=1 보유=1/3 | 통과: RGTZ(early) | 탈락: MSTZ(거래소), TDIC(early·모멘텀), MUD(early·모멘텀), VCIG(early·모멘텀), NNVC(early·모멘텀)
2026-07-13 13:34:10,553 [INFO] 감시 RGTZ pnl=-0.8% price=5.13 age=0s
2026-07-13 13:34:21,141 [INFO] 감시 RGTZ pnl=-1.0% price=5.12 age=0s
2026-07-13 13:34:31,738 [INFO] 감시 RGTZ pnl=-1.2% price=5.11 age=0s
2026-07-13 13:34:42,339 [INFO] 감시 RGTZ pnl=-1.0% price=5.12 age=0s
2026-07-13 13:34:52,934 [INFO] 감시 RGTZ pnl=-1.0% price=5.12 age=0s
2026-07-13 13:35:03,524 [INFO] 감시 RGTZ pnl=-0.6% price=5.14 age=0s
2026-07-13 13:35:14,109 [INFO] 감시 RGTZ pnl=-0.9% price=5.12 age=0s
2026-07-13 13:35:19,308 [INFO] TG: 🟢 매수[초입] RKLZ 50주 @$3.97 [NASD] (+6.1%)
2026-07-13 13:35:25,932 [INFO] 스캔완료 후보=27 초입=20 추격=7 통과=1 매수=1 보유=2/3 | 통과: RKLZ(early) | 탈락: TDIC(early·모멘텀), MUD(early·모멘텀), CODI(early·모멘텀), VGAS(early·모멘텀), VCIG(early·모멘텀)
2026-07-13 13:35:25,978 [INFO] 감시 RGTZ pnl=-1.0% price=5.12 age=0s
2026-07-13 13:35:26,980 [INFO] 감시 RKLZ pnl=-1.5% price=3.91 age=0s
2026-07-13 13:35:37,574 [INFO] 감시 RGTZ pnl=-1.0% price=5.12 age=0s
2026-07-13 13:35:38,593 [INFO] 감시 RKLZ pnl=-1.2% price=3.92 age=0s
2026-07-13 13:35:49,185 [INFO] 감시 RGTZ pnl=-1.0% price=5.12 age=0s
2026-07-13 13:35:50,187 [INFO] 감시 RKLZ pnl=-1.3% price=3.92 age=0s
2026-07-13 13:36:00,786 [INFO] 감시 RGTZ pnl=-1.5% price=5.09 age=0s
2026-07-13 13:36:01,833 [INFO] 감시 RKLZ pnl=-1.0% price=3.93 age=0s
2026-07-13 13:36:12,434 [INFO] 감시 RGTZ pnl=-1.2% price=5.11 age=0s
2026-07-13 13:36:13,451 [INFO] 감시 RKLZ pnl=-1.3% price=3.92 age=0s
2026-07-13 13:36:24,144 [INFO] 감시 RGTZ pnl=-0.5% price=5.14 age=0s
2026-07-13 13:36:25,141 [INFO] 감시 RKLZ pnl=-1.3% price=3.92 age=0s
2026-07-13 13:36:35,744 [INFO] 감시 RGTZ pnl=-0.6% price=5.14 age=0s
2026-07-13 13:36:36,732 [INFO] 감시 RKLZ pnl=-1.3% price=3.92 age=0s
2026-07-13 13:36:48,716 [INFO] 스캔완료 후보=28 초입=21 추격=7 통과=0 매수=0 보유=2/3 | 탈락: TDIC(early·모멘텀), MUD(early·모멘텀), CODI(early·모멘텀), IONZ(early·모멘텀), DAMD(거래소)
2026-07-13 13:36:48,756 [INFO] 감시 RGTZ pnl=-0.2% price=5.16 age=0s
2026-07-13 13:36:49,770 [INFO] 감시 RKLZ pnl=-2.0% price=3.89 age=0s
2026-07-13 13:37:00,362 [INFO] 감시 RGTZ pnl=-0.2% price=5.16 age=0s
2026-07-13 13:37:01,380 [INFO] 감시 RKLZ pnl=-1.8% price=3.90 age=0s
2026-07-13 13:37:11,970 [INFO] 감시 RGTZ pnl=-0.0% price=5.17 age=0s
2026-07-13 13:37:12,979 [INFO] 감시 RKLZ pnl=-1.1% price=3.92 age=0s
2026-07-13 13:37:23,565 [INFO] 감시 RGTZ pnl=+0.4% price=5.19 age=0s
2026-07-13 13:37:24,572 [INFO] 감시 RKLZ pnl=-1.1% price=3.92 age=0s
2026-07-13 13:37:35,172 [INFO] 감시 RGTZ pnl=+0.4% price=5.19 age=0s
2026-07-13 13:37:36,171 [INFO] 감시 RKLZ pnl=-1.0% price=3.93 age=0s
2026-07-13 13:37:46,759 [INFO] 감시 RGTZ pnl=+0.6% price=5.20 age=0s
2026-07-13 13:37:47,767 [INFO] 감시 RKLZ pnl=-0.3% price=3.96 age=0s
2026-07-13 13:37:58,351 [INFO] 감시 RGTZ pnl=+1.3% price=5.24 age=0s
2026-07-13 13:37:59,354 [INFO] 감시 RKLZ pnl=+0.4% price=3.98 age=0s
2026-07-13 13:38:08,932 [INFO] 스캔완료 후보=32 초입=25 추격=7 통과=0 매수=0 보유=2/3 | 탈락: SSPC(거래소), TDIC(early·모멘텀), MUD(early·모멘텀), VRXA(early·모멘텀), WTIU(거래소)
2026-07-13 13:38:08,976 [INFO] 감시 RGTZ pnl=+0.8% price=5.21 age=0s
2026-07-13 13:38:09,976 [INFO] 감시 RKLZ pnl=+0.4% price=3.98 age=0s
2026-07-13 13:38:20,555 [INFO] 감시 RGTZ pnl=+0.9% price=5.21 age=0s
2026-07-13 13:38:21,564 [INFO] 감시 RKLZ pnl=-0.5% price=3.95 age=0s
2026-07-13 13:38:32,161 [INFO] 감시 RGTZ pnl=+0.4% price=5.19 age=0s
2026-07-13 13:38:33,161 [INFO] 감시 RKLZ pnl=-0.9% price=3.94 age=0s
2026-07-13 13:38:43,757 [INFO] 감시 RGTZ pnl=+0.3% price=5.18 age=0s
2026-07-13 13:38:44,754 [INFO] 감시 RKLZ pnl=-1.3% price=3.92 age=0s
2026-07-13 13:38:55,389 [INFO] 감시 RGTZ pnl=-0.1% price=5.17 age=0s
2026-07-13 13:38:56,389 [INFO] 감시 RKLZ pnl=-1.3% price=3.92 age=0s
2026-07-13 13:39:06,983 [INFO] 감시 RGTZ pnl=-0.2% price=5.16 age=0s
2026-07-13 13:39:07,987 [INFO] 감시 RKLZ pnl=-1.1% price=3.92 age=0s
2026-07-13 13:39:18,593 [INFO] 감시 RGTZ pnl=+0.0% price=5.17 age=0s
2026-07-13 13:39:19,607 [INFO] 감시 RKLZ pnl=-1.1% price=3.92 age=0s
2026-07-13 13:39:30,321 [INFO] 스캔완료 후보=29 초입=22 추격=7 통과=0 매수=0 보유=2/3 | 탈락: SSPC(거래소), BATL(early·모멘텀), MUD(early·모멘텀), KRO(early·모멘텀), UFI(early·모멘텀)
2026-07-13 13:39:30,366 [INFO] 감시 RGTZ pnl=+0.2% price=5.18 age=0s
2026-07-13 13:39:31,364 [INFO] 감시 RKLZ pnl=-0.5% price=3.95 age=0s
2026-07-13 13:39:41,959 [INFO] 감시 RGTZ pnl=+0.4% price=5.19 age=0s
2026-07-13 13:39:42,950 [INFO] 감시 RKLZ pnl=-0.4% price=3.96 age=0s
2026-07-13 13:39:53,549 [INFO] 감시 RGTZ pnl=+0.3% price=5.18 age=0s
2026-07-13 13:39:54,551 [INFO] 감시 RKLZ pnl=-0.0% price=3.97 age=0s
2026-07-13 13:40:05,139 [INFO] 감시 RGTZ pnl=+0.4% price=5.19 age=0s
2026-07-13 13:40:06,127 [INFO] 감시 RKLZ pnl=+0.5% price=3.99 age=0s
2026-07-13 13:40:16,713 [INFO] 감시 RGTZ pnl=+0.7% price=5.21 age=0s
2026-07-13 13:40:17,715 [INFO] 감시 RKLZ pnl=+0.6% price=4.00 age=0s
2026-07-13 13:40:28,303 [INFO] 감시 RGTZ pnl=+0.6% price=5.20 age=0s
2026-07-13 13:40:29,310 [INFO] 감시 RKLZ pnl=+0.6% price=4.00 age=0s
2026-07-13 13:40:39,910 [INFO] 감시 RGTZ pnl=+1.1% price=5.22 age=0s
2026-07-13 13:40:40,907 [INFO] 감시 RKLZ pnl=+0.8% price=4.00 age=0s
2026-07-13 13:40:49,830 [INFO] 스캔완료 후보=29 초입=21 추격=8 통과=0 매수=0 보유=2/3 | 탈락: BATL(early·모멘텀), SSPC(거래소), MUD(early·모멘텀), NIOG(early·모멘텀), NBIZ(거래소)
2026-07-13 13:40:49,881 [INFO] 감시 RGTZ pnl=+1.2% price=5.23 age=0s
2026-07-13 13:40:50,877 [INFO] 감시 RKLZ pnl=+1.3% price=4.02 age=0s
2026-07-13 13:41:01,488 [INFO] 감시 RGTZ pnl=+1.7% price=5.26 age=0s
2026-07-13 13:41:02,471 [INFO] 감시 RKLZ pnl=+1.9% price=4.04 age=0s
2026-07-13 13:41:13,066 [INFO] 감시 RGTZ pnl=+1.4% price=5.24 age=0s
2026-07-13 13:41:14,061 [INFO] 감시 RKLZ pnl=+1.3% price=4.02 age=0s
2026-07-13 13:41:24,651 [INFO] 감시 RGTZ pnl=+1.3% price=5.24 age=0s
2026-07-13 13:41:25,653 [INFO] 감시 RKLZ pnl=+1.8% price=4.04 age=0s
2026-07-13 13:41:36,251 [INFO] 감시 RGTZ pnl=+1.7% price=5.26 age=0s
2026-07-13 13:41:37,248 [INFO] 감시 RKLZ pnl=+2.1% price=4.05 age=0s
2026-07-13 13:41:47,839 [INFO] 감시 RGTZ pnl=+1.9% price=5.27 age=0s
2026-07-13 13:41:48,835 [INFO] 감시 RKLZ pnl=+2.0% price=4.05 age=0s
2026-07-13 13:41:59,427 [INFO] 감시 RGTZ pnl=+2.1% price=5.28 age=0s
2026-07-13 13:42:00,420 [INFO] 감시 RKLZ pnl=+2.0% price=4.05 age=0s
2026-07-13 13:42:07,803 [INFO] TG: 🟢 매수[초입] AIIO 55주 @$3.62 [NASD] (+8.6%)
2026-07-13 13:42:08,763 [INFO] 스캔완료 후보=29 초입=20 추격=9 통과=1 매수=1 보유=3/3 | 통과: AIIO(early) | 탈락: BATL(early·모멘텀), SSPC(거래소), MUD(early·모멘텀), LABD(거래소)
2026-07-13 13:42:08,806 [INFO] 감시 RGTZ pnl=+2.3% price=5.29 age=0s
2026-07-13 13:42:09,809 [INFO] 감시 RKLZ pnl=+2.5% price=4.07 age=0s
2026-07-13 13:42:10,806 [INFO] 감시 AIIO pnl=+0.3% price=3.63 age=0s
2026-07-13 13:42:21,403 [INFO] 감시 RGTZ pnl=+2.3% price=5.29 age=0s
2026-07-13 13:42:22,399 [INFO] 감시 RKLZ pnl=+2.5% price=4.07 age=0s
2026-07-13 13:42:23,399 [INFO] 감시 AIIO pnl=+0.3% price=3.63 age=0s
2026-07-13 13:42:33,994 [INFO] 감시 RGTZ pnl=+2.1% price=5.28 age=0s
2026-07-13 13:42:34,997 [INFO] 감시 RKLZ pnl=+2.9% price=4.08 age=0s
2026-07-13 13:42:35,989 [INFO] 감시 AIIO pnl=+0.3% price=3.63 age=0s
2026-07-13 13:42:46,592 [INFO] 감시 RGTZ pnl=+2.3% price=5.29 age=0s
2026-07-13 13:42:47,582 [INFO] 감시 RKLZ pnl=+3.0% price=4.09 age=0s
2026-07-13 13:42:48,586 [INFO] 감시 AIIO pnl=+0.8% price=3.65 age=0s
2026-07-13 13:42:59,173 [INFO] 감시 RGTZ pnl=+2.4% price=5.30 age=0s
2026-07-13 13:43:00,183 [INFO] 감시 RKLZ pnl=+3.0% price=4.09 age=0s
2026-07-13 13:43:01,177 [INFO] 감시 AIIO pnl=+0.8% price=3.65 age=0s
2026-07-13 13:43:11,773 [INFO] 감시 RGTZ pnl=+2.4% price=5.29 age=0s
2026-07-13 13:43:12,768 [INFO] 감시 RKLZ pnl=+2.9% price=4.08 age=0s
2026-07-13 13:43:13,774 [INFO] 감시 AIIO pnl=+1.0% price=3.65 age=0s
2026-07-13 13:43:13,774 [INFO] 스캔 건너뜀 — 포지션 만석(3/3): RGTZ, RKLZ, AIIO
2026-07-13 13:43:14,773 [INFO] 감시 RGTZ pnl=+2.7% price=5.31 age=0s
2026-07-13 13:43:15,772 [INFO] 감시 RKLZ pnl=+2.9% price=4.08 age=0s
2026-07-13 13:43:16,771 [INFO] 감시 AIIO pnl=+0.6% price=3.64 age=0s
2026-07-13 13:43:27,396 [INFO] 감시 RGTZ pnl=+2.9% price=5.32 age=0s
2026-07-13 13:43:28,391 [INFO] 감시 RKLZ pnl=+2.8% price=4.08 age=0s
2026-07-13 13:43:29,397 [INFO] 감시 AIIO pnl=+0.0% price=3.62 age=0s
2026-07-13 13:43:39,990 [INFO] 감시 RGTZ pnl=+3.1% price=5.33 age=0s
2026-07-13 13:43:40,993 [INFO] 감시 RKLZ pnl=+3.0% price=4.09 age=0s
2026-07-13 13:43:41,997 [INFO] 감시 AIIO pnl=+1.4% price=3.67 age=0s
2026-07-13 13:43:52,587 [INFO] 감시 RGTZ pnl=+3.1% price=5.33 age=0s
2026-07-13 13:43:53,588 [INFO] 감시 RKLZ pnl=+2.4% price=4.07 age=0s
2026-07-13 13:43:54,589 [INFO] 감시 AIIO pnl=+0.6% price=3.64 age=0s
2026-07-13 13:44:05,181 [INFO] 감시 RGTZ pnl=+2.9% price=5.32 age=0s
2026-07-13 13:44:06,176 [INFO] 감시 RKLZ pnl=+2.2% price=4.06 age=0s
2026-07-13 13:44:07,178 [INFO] 감시 AIIO pnl=+1.1% price=3.66 age=0s
2026-07-13 13:44:17,763 [INFO] 감시 RGTZ pnl=+2.7% price=5.31 age=0s
2026-07-13 13:44:18,762 [INFO] 감시 RKLZ pnl=+1.8% price=4.04 age=0s
2026-07-13 13:44:19,768 [INFO] 감시 AIIO pnl=+1.1% price=3.66 age=0s
2026-07-13 13:44:19,768 [INFO] 스캔 건너뜀 — 포지션 만석(3/3): RGTZ, RKLZ, AIIO
2026-07-13 13:44:20,768 [INFO] 감시 RGTZ pnl=+2.7% price=5.31 age=0s
2026-07-13 13:44:21,770 [INFO] 감시 RKLZ pnl=+1.8% price=4.04 age=0s
2026-07-13 13:44:22,762 [INFO] 감시 AIIO pnl=+1.1% price=3.66 age=0s
2026-07-13 13:44:33,352 [INFO] 감시 RGTZ pnl=+2.5% price=5.30 age=0s
2026-07-13 13:44:34,350 [INFO] 감시 RKLZ pnl=+1.8% price=4.04 age=0s
2026-07-13 13:44:35,353 [INFO] 감시 AIIO pnl=+0.8% price=3.65 age=0s
2026-07-13 13:44:45,940 [INFO] 감시 RGTZ pnl=+2.3% price=5.29 age=0s
2026-07-13 13:44:46,948 [INFO] 감시 RKLZ pnl=+1.6% price=4.04 age=0s
2026-07-13 13:44:47,950 [INFO] 감시 AIIO pnl=+3.3% price=3.74 age=0s
2026-07-13 13:44:58,541 [INFO] 감시 RGTZ pnl=+2.5% price=5.30 age=0s
2026-07-13 13:44:59,550 [INFO] 감시 RKLZ pnl=+1.6% price=4.04 age=0s
2026-07-13 13:45:00,544 [INFO] 감시 AIIO pnl=+3.3% price=3.74 age=0s
2026-07-13 13:45:11,131 [INFO] 감시 RGTZ pnl=+3.6% price=5.36 age=0s
2026-07-13 13:45:12,125 [INFO] 감시 RKLZ pnl=+2.5% price=4.07 age=0s
2026-07-13 13:45:13,131 [INFO] 감시 AIIO pnl=+3.3% price=3.74 age=0s
2026-07-13 13:45:23,716 [INFO] 감시 RGTZ pnl=+3.6% price=5.36 age=0s
2026-07-13 13:45:24,718 [INFO] 감시 RKLZ pnl=+2.0% price=4.05 age=0s
2026-07-13 13:45:25,717 [INFO] 감시 AIIO pnl=+3.3% price=3.74 age=0s
2026-07-13 13:45:25,717 [INFO] 스캔 건너뜀 — 포지션 만석(3/3): RGTZ, RKLZ, AIIO
2026-07-13 13:45:26,718 [INFO] 감시 RGTZ pnl=+2.8% price=5.32 age=0s
2026-07-13 13:45:27,718 [INFO] 감시 RKLZ pnl=+2.0% price=4.05 age=0s
2026-07-13 13:45:28,715 [INFO] 감시 AIIO pnl=+2.2% price=3.70 age=0s
2026-07-13 13:45:39,304 [INFO] 감시 RGTZ pnl=+3.0% price=5.33 age=0s
2026-07-13 13:45:40,298 [INFO] 감시 RKLZ pnl=+2.0% price=4.05 age=0s
2026-07-13 13:45:41,304 [INFO] 감시 AIIO pnl=+2.2% price=3.70 age=0s
2026-07-13 13:45:51,892 [INFO] 감시 RGTZ pnl=+3.7% price=5.36 age=0s
2026-07-13 13:45:52,894 [INFO] 감시 RKLZ pnl=+2.1% price=4.05 age=0s
2026-07-13 13:45:53,896 [INFO] 감시 AIIO pnl=+2.8% price=3.72 age=0s
2026-07-13 13:46:04,487 [INFO] 감시 RGTZ pnl=+3.5% price=5.35 age=0s
2026-07-13 13:46:05,493 [INFO] 감시 RKLZ pnl=+2.0% price=4.05 age=0s
2026-07-13 13:46:06,487 [INFO] 감시 AIIO pnl=+2.6% price=3.71 age=0s
2026-07-13 13:46:17,063 [INFO] 감시 RGTZ pnl=+3.4% price=5.34 age=0s
2026-07-13 13:46:18,076 [INFO] 감시 RKLZ pnl=+2.1% price=4.05 age=0s
2026-07-13 13:46:19,073 [INFO] 감시 AIIO pnl=+2.8% price=3.72 age=0s
2026-07-13 13:46:29,659 [INFO] 감시 RGTZ pnl=+2.9% price=5.32 age=0s
2026-07-13 13:46:30,676 [INFO] 감시 RKLZ pnl=+2.0% price=4.05 age=0s
2026-07-13 13:46:31,672 [INFO] 감시 AIIO pnl=+2.5% price=3.71 age=0s
2026-07-13 13:46:31,672 [INFO] 스캔 건너뜀 — 포지션 만석(3/3): RGTZ, RKLZ, AIIO
2026-07-13 13:46:32,665 [INFO] 감시 RGTZ pnl=+2.9% price=5.32 age=0s
2026-07-13 13:46:33,664 [INFO] 감시 RKLZ pnl=+2.0% price=4.05 age=0s
2026-07-13 13:46:34,668 [INFO] 감시 AIIO pnl=+2.8% price=3.72 age=0s
2026-07-13 13:46:45,263 [INFO] 감시 RGTZ pnl=+2.9% price=5.32 age=0s
2026-07-13 13:46:46,260 [INFO] 감시 RKLZ pnl=+1.9% price=4.04 age=0s
2026-07-13 13:46:47,268 [INFO] 감시 AIIO pnl=+2.2% price=3.70 age=0s
2026-07-13 13:46:57,864 [INFO] 감시 RGTZ pnl=+2.9% price=5.32 age=0s
2026-07-13 13:46:58,872 [INFO] 감시 RKLZ pnl=+1.9% price=4.04 age=0s
2026-07-13 13:46:59,865 [INFO] 감시 AIIO pnl=+2.5% price=3.71 age=0s
2026-07-13 13:47:10,456 [INFO] 감시 RGTZ pnl=+3.3% price=5.34 age=0s
2026-07-13 13:47:11,455 [INFO] 감시 RKLZ pnl=+1.9% price=4.04 age=0s
2026-07-13 13:47:12,457 [INFO] 감시 AIIO pnl=+2.5% price=3.71 age=0s
2026-07-13 13:47:23,046 [INFO] 감시 RGTZ pnl=+3.0% price=5.33 age=0s
2026-07-13 13:47:24,045 [INFO] 감시 RKLZ pnl=+1.6% price=4.04 age=0s
2026-07-13 13:47:25,048 [INFO] 감시 AIIO pnl=+3.0% price=3.73 age=0s
2026-07-13 13:47:35,636 [INFO] 감시 RGTZ pnl=+2.7% price=5.31 age=0s
2026-07-13 13:47:36,631 [INFO] 감시 RKLZ pnl=+1.6% price=4.04 age=0s
2026-07-13 13:47:37,633 [INFO] 감시 AIIO pnl=+3.0% price=3.73 age=0s
2026-07-13 13:47:37,633 [INFO] 스캔 건너뜀 — 포지션 만석(3/3): RGTZ, RKLZ, AIIO
2026-07-13 13:47:38,631 [INFO] 감시 RGTZ pnl=+2.7% price=5.31 age=0s
2026-07-13 13:47:39,636 [INFO] 감시 RKLZ pnl=+1.8% price=4.04 age=0s
2026-07-13 13:47:40,639 [INFO] 감시 AIIO pnl=+3.0% price=3.73 age=0s
2026-07-13 13:47:51,216 [INFO] 감시 RGTZ pnl=+2.9% price=5.32 age=0s
2026-07-13 13:47:52,220 [INFO] 감시 RKLZ pnl=+1.6% price=4.04 age=0s
2026-07-13 13:47:53,220 [INFO] 감시 AIIO pnl=+3.0% price=3.73 age=0s
2026-07-13 13:48:03,823 [INFO] 감시 RGTZ pnl=+2.9% price=5.32 age=0s
2026-07-13 13:48:04,813 [INFO] 감시 RKLZ pnl=+1.4% price=4.03 age=0s
2026-07-13 13:48:05,809 [INFO] 감시 AIIO pnl=+3.0% price=3.73 age=0s
2026-07-13 13:48:16,400 [INFO] 감시 RGTZ pnl=+2.8% price=5.32 age=0s
2026-07-13 13:48:17,405 [INFO] 감시 RKLZ pnl=+1.3% price=4.02 age=0s
2026-07-13 13:48:18,416 [INFO] 감시 AIIO pnl=+2.8% price=3.72 age=0s
2026-07-13 13:48:29,014 [INFO] 감시 RGTZ pnl=+2.7% price=5.31 age=0s
2026-07-13 13:48:30,007 [INFO] 감시 RKLZ pnl=+0.5% price=3.99 age=0s
2026-07-13 13:48:31,006 [INFO] 감시 AIIO pnl=+2.8% price=3.72 age=0s
2026-07-13 13:48:41,598 [INFO] 감시 RGTZ pnl=+3.0% price=5.33 age=0s
2026-07-13 13:48:42,595 [INFO] 감시 RKLZ pnl=+0.5% price=3.99 age=0s
2026-07-13 13:48:43,612 [INFO] 감시 AIIO pnl=+2.8% price=3.72 age=0s
2026-07-13 13:48:43,612 [INFO] 스캔 건너뜀 — 포지션 만석(3/3): RGTZ, RKLZ, AIIO
2026-07-13 13:48:44,598 [INFO] 감시 RGTZ pnl=+3.0% price=5.33 age=0s
2026-07-13 13:48:45,599 [INFO] 감시 RKLZ pnl=+0.5% price=3.99 age=0s
2026-07-13 13:48:46,599 [INFO] 감시 AIIO pnl=+2.8% price=3.72 age=0s
2026-07-13 13:48:57,189 [INFO] 감시 RGTZ pnl=+3.1% price=5.33 age=0s
2026-07-13 13:48:58,184 [INFO] 감시 RKLZ pnl=+0.8% price=4.00 age=0s
2026-07-13 13:48:59,192 [INFO] 감시 AIIO pnl=+2.8% price=3.72 age=0s
2026-07-13 13:49:09,952 [INFO] 감시 RGTZ pnl=+3.5% price=5.35 age=0s
2026-07-13 13:49:10,795 [INFO] 감시 RKLZ pnl=+0.9% price=4.00 age=0s
2026-07-13 13:49:11,790 [INFO] 감시 AIIO pnl=+1.1% price=3.66 age=0s
2026-07-13 13:49:23,065 [INFO] 감시 RGTZ pnl=+2.5% price=5.30 age=0s
2026-07-13 13:49:24,067 [INFO] 감시 RKLZ pnl=-0.3% price=3.96 age=0s
2026-07-13 13:49:25,070 [INFO] 감시 AIIO pnl=+1.1% price=3.66 age=0s
2026-07-13 13:49:35,656 [INFO] 감시 RGTZ pnl=+2.5% price=5.30 age=0s
2026-07-13 13:49:36,873 [INFO] 감시 RKLZ pnl=+0.0% price=3.97 age=0s
2026-07-13 13:49:37,655 [INFO] 감시 AIIO pnl=+1.7% price=3.68 age=0s
2026-07-13 13:49:48,250 [INFO] 감시 RGTZ pnl=+2.7% price=5.31 age=0s
2026-07-13 13:49:49,246 [INFO] 감시 RKLZ pnl=+0.1% price=3.98 age=0s
2026-07-13 13:49:50,249 [INFO] 감시 AIIO pnl=+2.8% price=3.72 age=0s
2026-07-13 13:49:50,249 [INFO] 스캔 건너뜀 — 포지션 만석(3/3): RGTZ, RKLZ, AIIO
2026-07-13 13:49:51,239 [INFO] 감시 RGTZ pnl=+2.9% price=5.32 age=0s
2026-07-13 13:49:52,230 [INFO] 감시 RKLZ pnl=+0.1% price=3.98 age=0s
2026-07-13 13:49:53,250 [INFO] 감시 AIIO pnl=+2.8% price=3.72 age=0s
2026-07-13 13:50:03,853 [INFO] 감시 RGTZ pnl=+2.9% price=5.32 age=0s
2026-07-13 13:50:04,852 [INFO] 감시 RKLZ pnl=+0.1% price=3.98 age=0s
2026-07-13 13:50:05,848 [INFO] 감시 AIIO pnl=+2.6% price=3.71 age=0s
2026-07-13 13:50:16,443 [INFO] 감시 RGTZ pnl=+2.9% price=5.32 age=0s
2026-07-13 13:50:17,445 [INFO] 감시 RKLZ pnl=+0.3% price=3.98 age=0s
2026-07-13 13:50:18,443 [INFO] 감시 AIIO pnl=+2.6% price=3.71 age=0s
2026-07-13 13:50:29,036 [INFO] 감시 RGTZ pnl=+2.7% price=5.31 age=0s
2026-07-13 13:50:30,035 [INFO] 감시 RKLZ pnl=+0.3% price=3.98 age=0s
2026-07-13 13:50:31,034 [INFO] 감시 AIIO pnl=+4.4% price=3.78 age=0s
2026-07-13 13:50:41,620 [INFO] 감시 RGTZ pnl=+2.4% price=5.29 age=0s
2026-07-13 13:50:42,631 [INFO] 감시 RKLZ pnl=+0.0% price=3.97 age=0s
2026-07-13 13:50:43,626 [INFO] 감시 AIIO pnl=+4.4% price=3.78 age=0s
2026-07-13 13:50:54,218 [INFO] 감시 RGTZ pnl=+2.5% price=5.30 age=0s
2026-07-13 13:50:55,215 [INFO] 감시 RKLZ pnl=+0.3% price=3.98 age=0s
2026-07-13 13:50:56,221 [INFO] 감시 AIIO pnl=+3.8% price=3.76 age=0s
2026-07-13 13:50:56,221 [INFO] 스캔 건너뜀 — 포지션 만석(3/3): RGTZ, RKLZ, AIIO
2026-07-13 13:50:57,218 [INFO] 감시 RGTZ pnl=+2.5% price=5.30 age=0s
2026-07-13 13:50:58,206 [INFO] 감시 RKLZ pnl=+0.3% price=3.98 age=0s
2026-07-13 13:50:59,216 [INFO] 감시 AIIO pnl=+3.6% price=3.75 age=0s
2026-07-13 13:51:09,808 [INFO] 감시 RGTZ pnl=+2.7% price=5.31 age=0s
2026-07-13 13:51:10,805 [INFO] 감시 RKLZ pnl=+0.4% price=3.98 age=0s
2026-07-13 13:51:11,808 [INFO] 감시 AIIO pnl=+3.3% price=3.74 age=0s
2026-07-13 13:51:22,395 [INFO] 감시 RGTZ pnl=+3.5% price=5.35 age=0s
2026-07-13 13:51:23,399 [INFO] 감시 RKLZ pnl=+0.7% price=4.00 age=0s
2026-07-13 13:51:24,401 [INFO] 감시 AIIO pnl=+3.2% price=3.74 age=0s
2026-07-13 13:51:34,990 [INFO] 감시 RGTZ pnl=+3.7% price=5.36 age=0s
2026-07-13 13:51:35,991 [INFO] 감시 RKLZ pnl=+0.7% price=4.00 age=0s
2026-07-13 13:51:36,988 [INFO] 감시 AIIO pnl=+3.2% price=3.74 age=0s
2026-07-13 13:51:47,580 [INFO] 감시 RGTZ pnl=+4.3% price=5.39 age=0s
2026-07-13 13:51:48,578 [INFO] 감시 RKLZ pnl=+0.6% price=4.00 age=0s
2026-07-13 13:51:49,573 [INFO] 감시 AIIO pnl=+3.2% price=3.73 age=0s
2026-07-13 13:52:00,167 [INFO] 감시 RGTZ pnl=+3.7% price=5.36 age=0s
2026-07-13 13:52:01,167 [INFO] 감시 RKLZ pnl=+0.0% price=3.97 age=0s
2026-07-13 13:52:02,193 [INFO] 감시 AIIO pnl=+3.3% price=3.74 age=0s
2026-07-13 13:52:02,193 [INFO] 스캔 건너뜀 — 포지션 만석(3/3): RGTZ, RKLZ, AIIO
2026-07-13 13:52:03,165 [INFO] 감시 RGTZ pnl=+3.7% price=5.36 age=0s
2026-07-13 13:52:04,158 [INFO] 감시 RKLZ pnl=+0.0% price=3.97 age=0s
2026-07-13 13:52:05,157 [INFO] 감시 AIIO pnl=+3.3% price=3.74 age=0s
2026-07-13 13:52:15,752 [INFO] 감시 RGTZ pnl=+3.6% price=5.36 age=0s
2026-07-13 13:52:16,753 [INFO] 감시 RKLZ pnl=+0.2% price=3.98 age=0s
2026-07-13 13:52:17,737 [INFO] 감시 AIIO pnl=+3.3% price=3.74 age=0s
2026-07-13 13:52:28,326 [INFO] 감시 RGTZ pnl=+3.4% price=5.34 age=0s
2026-07-13 13:52:29,327 [INFO] 감시 RKLZ pnl=-0.0% price=3.97 age=0s
2026-07-13 13:52:30,334 [INFO] 감시 AIIO pnl=+4.1% price=3.77 age=0s
2026-07-13 13:52:40,925 [INFO] 감시 RGTZ pnl=+3.5% price=5.35 age=0s
2026-07-13 13:52:41,927 [INFO] 감시 RKLZ pnl=-0.0% price=3.97 age=0s
2026-07-13 13:52:42,921 [INFO] 감시 AIIO pnl=+4.2% price=3.77 age=0s
2026-07-13 13:52:53,514 [INFO] 감시 RGTZ pnl=+3.5% price=5.35 age=0s
2026-07-13 13:52:54,516 [INFO] 감시 RKLZ pnl=-0.0% price=3.97 age=0s
2026-07-13 13:52:55,514 [INFO] 감시 AIIO pnl=+3.9% price=3.76 age=0s
2026-07-13 13:53:06,099 [INFO] 감시 RGTZ pnl=+3.5% price=5.35 age=0s
2026-07-13 13:53:07,108 [INFO] 감시 RKLZ pnl=-0.2% price=3.96 age=0s
2026-07-13 13:53:08,103 [INFO] 감시 AIIO pnl=+3.9% price=3.76 age=0s
2026-07-13 13:53:08,103 [INFO] 스캔 건너뜀 — 포지션 만석(3/3): RGTZ, RKLZ, AIIO
2026-07-13 13:53:09,110 [INFO] 감시 RGTZ pnl=+3.1% price=5.33 age=0s
2026-07-13 13:53:10,113 [INFO] 감시 RKLZ pnl=-0.3% price=3.96 age=0s
2026-07-13 13:53:11,114 [INFO] 감시 AIIO pnl=+4.1% price=3.77 age=0s
2026-07-13 13:53:21,708 [INFO] 감시 RGTZ pnl=+3.1% price=5.33 age=0s
2026-07-13 13:53:22,703 [INFO] 감시 RKLZ pnl=+0.0% price=3.97 age=0s
2026-07-13 13:53:23,708 [INFO] 감시 AIIO pnl=+4.1% price=3.77 age=0s
2026-07-13 13:53:34,305 [INFO] 감시 RGTZ pnl=+3.6% price=5.36 age=0s
2026-07-13 13:53:35,305 [INFO] 감시 RKLZ pnl=+0.3% price=3.98 age=0s
2026-07-13 13:53:36,298 [INFO] 감시 AIIO pnl=+4.1% price=3.77 age=0s
2026-07-13 13:53:46,896 [INFO] 감시 RGTZ pnl=+3.7% price=5.36 age=0s
2026-07-13 13:53:47,904 [INFO] 감시 RKLZ pnl=+0.0% price=3.97 age=0s
2026-07-13 13:53:48,902 [INFO] 감시 AIIO pnl=+4.1% price=3.77 age=0s
2026-07-13 13:53:59,476 [INFO] 감시 RGTZ pnl=+3.5% price=5.35 age=0s
2026-07-13 13:54:00,493 [INFO] 감시 RKLZ pnl=-0.3% price=3.96 age=0s
2026-07-13 13:54:01,508 [INFO] 감시 AIIO pnl=+3.6% price=3.75 age=0s
2026-07-13 13:54:12,175 [INFO] 감시 RGTZ pnl=+2.8% price=5.32 age=0s
2026-07-13 13:54:13,174 [INFO] 감시 RKLZ pnl=-0.5% price=3.95 age=0s
2026-07-13 13:54:14,173 [INFO] 감시 AIIO pnl=+3.6% price=3.75 age=0s
2026-07-13 13:54:14,173 [INFO] 스캔 건너뜀 — 포지션 만석(3/3): RGTZ, RKLZ, AIIO
2026-07-13 13:54:15,379 [INFO] 감시 RGTZ pnl=+2.8% price=5.32 age=0s
2026-07-13 13:54:16,176 [INFO] 감시 RKLZ pnl=-0.8% price=3.94 age=0s
2026-07-13 13:54:17,177 [INFO] 감시 AIIO pnl=+3.6% price=3.75 age=0s
2026-07-13 13:54:27,759 [INFO] 감시 RGTZ pnl=+3.0% price=5.33 age=0s
2026-07-13 13:54:28,766 [INFO] 감시 RKLZ pnl=-0.8% price=3.94 age=0s
2026-07-13 13:54:29,764 [INFO] 감시 AIIO pnl=+3.6% price=3.75 age=0s
2026-07-13 13:54:40,345 [INFO] 감시 RGTZ pnl=+2.8% price=5.32 age=0s
2026-07-13 13:54:41,352 [INFO] 감시 RKLZ pnl=-0.1% price=3.96 age=0s
2026-07-13 13:54:42,350 [INFO] 감시 AIIO pnl=+3.6% price=3.75 age=0s
2026-07-13 13:54:52,941 [INFO] 감시 RGTZ pnl=+2.5% price=5.30 age=0s
2026-07-13 13:54:53,937 [INFO] 감시 RKLZ pnl=-0.1% price=3.96 age=0s
2026-07-13 13:54:54,944 [INFO] 감시 AIIO pnl=+3.2% price=3.73 age=0s
2026-07-13 13:55:05,536 [INFO] 감시 RGTZ pnl=+2.9% price=5.32 age=0s
2026-07-13 13:55:06,529 [INFO] 감시 RKLZ pnl=+0.1% price=3.98 age=0s
2026-07-13 13:55:07,528 [INFO] 감시 AIIO pnl=+3.3% price=3.74 age=0s
2026-07-13 13:55:18,121 [INFO] 감시 RGTZ pnl=+2.7% price=5.31 age=0s
2026-07-13 13:55:19,122 [INFO] 감시 RKLZ pnl=+0.1% price=3.98 age=0s
2026-07-13 13:55:20,115 [INFO] 감시 AIIO pnl=+3.3% price=3.74 age=0s
2026-07-13 13:55:20,115 [INFO] 스캔 건너뜀 — 포지션 만석(3/3): RGTZ, RKLZ, AIIO
2026-07-13 13:55:21,119 [INFO] 감시 RGTZ pnl=+2.9% price=5.32 age=0s
2026-07-13 13:55:22,117 [INFO] 감시 RKLZ pnl=+0.5% price=3.99 age=0s
2026-07-13 13:55:23,116 [INFO] 감시 AIIO pnl=+2.8% price=3.72 age=0s
2026-07-13 13:55:33,703 [INFO] 감시 RGTZ pnl=+2.9% price=5.32 age=0s
2026-07-13 13:55:34,702 [INFO] 감시 RKLZ pnl=+0.3% price=3.98 age=0s
2026-07-13 13:55:35,700 [INFO] 감시 AIIO pnl=+2.9% price=3.73 age=0s
2026-07-13 13:55:46,293 [INFO] 감시 RGTZ pnl=+3.1% price=5.33 age=0s
2026-07-13 13:55:47,284 [INFO] 감시 RKLZ pnl=+0.3% price=3.98 age=0s
2026-07-13 13:55:48,286 [INFO] 감시 AIIO pnl=+2.2% price=3.70 age=0s
2026-07-13 13:55:58,877 [INFO] 감시 RGTZ pnl=+2.9% price=5.32 age=0s
2026-07-13 13:55:59,878 [INFO] 감시 RKLZ pnl=+0.3% price=3.98 age=0s
2026-07-13 13:56:00,877 [INFO] 감시 AIIO pnl=+2.9% price=3.73 age=0s
2026-07-13 13:56:11,471 [INFO] 감시 RGTZ pnl=+2.7% price=5.31 age=0s
2026-07-13 13:56:12,467 [INFO] 감시 RKLZ pnl=-0.5% price=3.95 age=0s
2026-07-13 13:56:13,471 [INFO] 감시 AIIO pnl=+2.9% price=3.73 age=0s
2026-07-13 13:56:24,058 [INFO] 감시 RGTZ pnl=+2.7% price=5.31 age=0s
2026-07-13 13:56:25,066 [INFO] 감시 RKLZ pnl=-1.0% price=3.93 age=0s
2026-07-13 13:56:26,066 [INFO] 감시 AIIO pnl=+2.9% price=3.73 age=0s
2026-07-13 13:56:26,066 [INFO] 스캔 건너뜀 — 포지션 만석(3/3): RGTZ, RKLZ, AIIO
2026-07-13 13:56:27,061 [INFO] 감시 RGTZ pnl=+2.7% price=5.31 age=0s
2026-07-13 13:56:28,065 [INFO] 감시 RKLZ pnl=-1.0% price=3.93 age=0s
2026-07-13 13:56:29,069 [INFO] 감시 AIIO pnl=+2.9% price=3.73 age=0s
2026-07-13 13:56:39,660 [INFO] 감시 RGTZ pnl=+2.7% price=5.31 age=0s
2026-07-13 13:56:40,666 [INFO] 감시 RKLZ pnl=-0.6% price=3.94 age=0s
2026-07-13 13:56:41,659 [INFO] 감시 AIIO pnl=+2.9% price=3.73 age=0s
2026-07-13 13:56:52,257 [INFO] 감시 RGTZ pnl=+2.7% price=5.31 age=0s
2026-07-13 13:56:53,258 [INFO] 감시 RKLZ pnl=-0.1% price=3.96 age=0s
2026-07-13 13:56:54,253 [INFO] 감시 AIIO pnl=+2.5% price=3.71 age=0s
2026-07-13 13:57:04,839 [INFO] 감시 RGTZ pnl=+2.8% price=5.32 age=0s
2026-07-13 13:57:05,834 [INFO] 감시 RKLZ pnl=+0.3% price=3.98 age=0s
2026-07-13 13:57:06,836 [INFO] 감시 AIIO pnl=+2.5% price=3.71 age=0s
2026-07-13 13:57:17,434 [INFO] 감시 RGTZ pnl=+2.7% price=5.31 age=0s
2026-07-13 13:57:18,432 [INFO] 감시 RKLZ pnl=+0.0% price=3.97 age=0s
2026-07-13 13:57:19,435 [INFO] 감시 AIIO pnl=+2.5% price=3.71 age=0s
2026-07-13 13:57:30,020 [INFO] 감시 RGTZ pnl=+2.5% price=5.30 age=0s
2026-07-13 13:57:31,022 [INFO] 감시 RKLZ pnl=+0.0% price=3.97 age=0s
2026-07-13 13:57:32,016 [INFO] 감시 AIIO pnl=+2.5% price=3.71 age=0s
2026-07-13 13:57:32,017 [INFO] 스캔 건너뜀 — 포지션 만석(3/3): RGTZ, RKLZ, AIIO
2026-07-13 13:57:33,016 [INFO] 감시 RGTZ pnl=+2.7% price=5.31 age=0s
2026-07-13 13:57:34,017 [INFO] 감시 RKLZ pnl=-0.1% price=3.96 age=0s
2026-07-13 13:57:35,018 [INFO] 감시 AIIO pnl=+2.5% price=3.71 age=0s
2026-07-13 13:57:45,596 [INFO] 감시 RGTZ pnl=+2.4% price=5.29 age=0s
2026-07-13 13:57:46,608 [INFO] 감시 RKLZ pnl=+0.1% price=3.98 age=0s
2026-07-13 13:57:47,613 [INFO] 감시 AIIO pnl=+2.5% price=3.71 age=0s
2026-07-13 13:57:58,230 [INFO] 감시 RGTZ pnl=+2.5% price=5.30 age=0s
2026-07-13 13:57:59,227 [INFO] 감시 RKLZ pnl=+0.1% price=3.98 age=0s
2026-07-13 13:58:00,232 [INFO] 감시 AIIO pnl=+2.5% price=3.71 age=0s
2026-07-13 13:58:10,824 [INFO] 감시 RGTZ pnl=+2.2% price=5.28 age=0s
2026-07-13 13:58:11,818 [INFO] 감시 RKLZ pnl=-0.5% price=3.95 age=0s
2026-07-13 13:58:12,828 [INFO] 감시 AIIO pnl=+2.5% price=3.71 age=0s
2026-07-13 13:58:23,429 [INFO] 감시 RGTZ pnl=+1.9% price=5.27 age=0s
2026-07-13 13:58:24,433 [INFO] 감시 RKLZ pnl=-0.5% price=3.95 age=0s
2026-07-13 13:58:25,439 [INFO] 감시 AIIO pnl=+2.5% price=3.71 age=0s
2026-07-13 13:58:36,022 [INFO] 감시 RGTZ pnl=+1.8% price=5.26 age=0s
2026-07-13 13:58:37,024 [INFO] 감시 RKLZ pnl=-0.1% price=3.96 age=0s
2026-07-13 13:58:38,021 [INFO] 감시 AIIO pnl=+2.5% price=3.71 age=0s
2026-07-13 13:58:38,021 [INFO] 스캔 건너뜀 — 포지션 만석(3/3): RGTZ, RKLZ, AIIO
2026-07-13 13:58:39,028 [INFO] 감시 RGTZ pnl=+1.8% price=5.26 age=0s
2026-07-13 13:58:40,018 [INFO] 감시 RKLZ pnl=-0.1% price=3.96 age=0s
2026-07-13 13:58:41,021 [INFO] 감시 AIIO pnl=+2.5% price=3.71 age=0s
2026-07-13 13:58:51,623 [INFO] 감시 RGTZ pnl=+1.8% price=5.26 age=0s
2026-07-13 13:58:52,615 [INFO] 감시 RKLZ pnl=-0.1% price=3.96 age=0s
2026-07-13 13:58:53,611 [INFO] 감시 AIIO pnl=+2.3% price=3.71 age=0s
2026-07-13 13:59:04,206 [INFO] 감시 RGTZ pnl=+1.6% price=5.25 age=0s
2026-07-13 13:59:05,203 [INFO] 감시 RKLZ pnl=-0.1% price=3.96 age=0s
2026-07-13 13:59:06,203 [INFO] 감시 AIIO pnl=+2.3% price=3.71 age=0s
2026-07-13 13:59:16,794 [INFO] 감시 RGTZ pnl=+2.0% price=5.27 age=0s
2026-07-13 13:59:17,792 [INFO] 감시 RKLZ pnl=-0.8% price=3.94 age=0s
2026-07-13 13:59:18,797 [INFO] 감시 AIIO pnl=+2.8% price=3.72 age=0s
2026-07-13 13:59:29,389 [INFO] 감시 RGTZ pnl=+2.0% price=5.28 age=0s
2026-07-13 13:59:30,384 [INFO] 감시 RKLZ pnl=-0.6% price=3.94 age=0s
2026-07-13 13:59:31,389 [INFO] 감시 AIIO pnl=+2.8% price=3.72 age=0s
2026-07-13 13:59:41,983 [INFO] 감시 RGTZ pnl=+2.4% price=5.29 age=0s
2026-07-13 13:59:42,977 [INFO] 감시 RKLZ pnl=-0.6% price=3.94 age=0s
2026-07-13 13:59:43,980 [INFO] 감시 AIIO pnl=+2.8% price=3.72 age=0s
2026-07-13 13:59:43,980 [INFO] 스캔 건너뜀 — 포지션 만석(3/3): RGTZ, RKLZ, AIIO
2026-07-13 13:59:44,977 [INFO] 감시 RGTZ pnl=+2.4% price=5.29 age=0s
2026-07-13 13:59:45,972 [INFO] 감시 RKLZ pnl=-0.5% price=3.95 age=0s
2026-07-13 13:59:46,976 [INFO] 감시 AIIO pnl=+2.8% price=3.72 age=0s
2026-07-13 13:59:57,567 [INFO] 감시 RGTZ pnl=+2.5% price=5.30 age=0s
2026-07-13 13:59:58,563 [INFO] 감시 RKLZ pnl=-0.6% price=3.94 age=0s
2026-07-13 13:59:59,570 [INFO] 감시 AIIO pnl=+2.8% price=3.72 age=0s
2026-07-13 14:00:10,167 [INFO] 감시 RGTZ pnl=+2.7% price=5.31 age=0s
2026-07-13 14:00:11,176 [INFO] 감시 RKLZ pnl=-0.6% price=3.94 age=0s
2026-07-13 14:00:12,168 [INFO] 감시 AIIO pnl=+2.8% price=3.72 age=0s
2026-07-13 14:00:22,735 [INFO] 감시 RGTZ pnl=+2.5% price=5.30 age=0s
2026-07-13 14:00:23,749 [INFO] 감시 RKLZ pnl=-0.8% price=3.94 age=0s
2026-07-13 14:00:24,754 [INFO] 감시 AIIO pnl=+2.8% price=3.72 age=0s
2026-07-13 14:00:35,366 [INFO] 감시 RGTZ pnl=+2.4% price=5.29 age=0s
2026-07-13 14:00:36,364 [INFO] 감시 RKLZ pnl=-0.8% price=3.94 age=0s
2026-07-13 14:00:37,361 [INFO] 감시 AIIO pnl=+2.8% price=3.72 age=0s
2026-07-13 14:00:47,975 [INFO] 감시 RGTZ pnl=+2.3% price=5.29 age=0s
2026-07-13 14:00:48,969 [INFO] 감시 RKLZ pnl=-0.6% price=3.94 age=0s
2026-07-13 14:00:49,965 [INFO] 감시 AIIO pnl=+2.8% price=3.72 age=0s
2026-07-13 14:00:49,966 [INFO] 스캔 건너뜀 — 포지션 만석(3/3): RGTZ, RKLZ, AIIO
2026-07-13 14:00:50,974 [INFO] 감시 RGTZ pnl=+2.3% price=5.29 age=0s
2026-07-13 14:00:51,977 [INFO] 감시 RKLZ pnl=-0.6% price=3.94 age=0s
2026-07-13 14:00:52,971 [INFO] 감시 AIIO pnl=+2.8% price=3.72 age=0s
2026-07-13 14:01:03,558 [INFO] 감시 RGTZ pnl=+2.5% price=5.30 age=0s
2026-07-13 14:01:04,561 [INFO] 감시 RKLZ pnl=-0.5% price=3.95 age=0s
2026-07-13 14:01:05,563 [INFO] 감시 AIIO pnl=+2.8% price=3.72 age=0s
2026-07-13 14:01:16,181 [INFO] 감시 RGTZ pnl=+2.6% price=5.30 age=0s
2026-07-13 14:01:17,184 [INFO] 감시 RKLZ pnl=-0.5% price=3.95 age=0s
2026-07-13 14:01:18,185 [INFO] 감시 AIIO pnl=+1.7% price=3.68 age=0s
2026-07-13 14:01:28,779 [INFO] 감시 RGTZ pnl=+2.7% price=5.31 age=0s
2026-07-13 14:01:29,786 [INFO] 감시 RKLZ pnl=-0.5% price=3.95 age=0s
2026-07-13 14:01:30,780 [INFO] 감시 AIIO pnl=+1.6% price=3.68 age=0s
2026-07-13 14:01:41,359 [INFO] 감시 RGTZ pnl=+2.7% price=5.31 age=0s
2026-07-13 14:01:42,362 [INFO] 감시 RKLZ pnl=+0.3% price=3.98 age=0s
2026-07-13 14:01:43,365 [INFO] 감시 AIIO pnl=+1.5% price=3.67 age=0s
2026-07-13 14:01:53,955 [INFO] 감시 RGTZ pnl=+3.3% price=5.34 age=0s
2026-07-13 14:01:54,943 [INFO] 감시 RKLZ pnl=+0.6% price=4.00 age=0s
2026-07-13 14:01:55,962 [INFO] 감시 AIIO pnl=+0.6% price=3.64 age=0s
2026-07-13 14:01:55,962 [INFO] 스캔 건너뜀 — 포지션 만석(3/3): RGTZ, RKLZ, AIIO
2026-07-13 14:01:56,985 [INFO] 감시 RGTZ pnl=+3.3% price=5.34 age=0s
2026-07-13 14:01:57,955 [INFO] 감시 RKLZ pnl=+0.6% price=4.00 age=0s
2026-07-13 14:01:58,954 [INFO] 감시 AIIO pnl=+0.0% price=3.62 age=0s
2026-07-13 14:02:09,547 [INFO] 감시 RGTZ pnl=+2.6% price=5.30 age=0s
2026-07-13 14:02:10,543 [INFO] 감시 RKLZ pnl=-0.2% price=3.96 age=0s
2026-07-13 14:02:11,547 [INFO] 감시 AIIO pnl=+1.1% price=3.66 age=0s
2026-07-13 14:02:22,169 [INFO] 감시 RGTZ pnl=+2.1% price=5.28 age=0s
2026-07-13 14:02:23,173 [INFO] 감시 RKLZ pnl=-0.3% price=3.96 age=0s
2026-07-13 14:02:24,179 [INFO] 감시 AIIO pnl=+1.1% price=3.66 age=0s
2026-07-13 14:02:34,765 [INFO] 감시 RGTZ pnl=+2.4% price=5.29 age=0s
2026-07-13 14:02:35,769 [INFO] 감시 RKLZ pnl=-0.3% price=3.96 age=0s
2026-07-13 14:02:36,770 [INFO] 감시 AIIO pnl=+2.5% price=3.71 age=0s
2026-07-13 14:02:47,360 [INFO] 감시 RGTZ pnl=+2.3% price=5.29 age=0s
2026-07-13 14:02:48,364 [INFO] 감시 RKLZ pnl=+0.0% price=3.97 age=0s
2026-07-13 14:02:49,366 [INFO] 감시 AIIO pnl=+2.2% price=3.70 age=0s
2026-07-13 14:02:59,971 [INFO] 감시 RGTZ pnl=+2.1% price=5.28 age=0s
2026-07-13 14:03:00,969 [INFO] 감시 RKLZ pnl=+0.2% price=3.98 age=0s
2026-07-13 14:03:02,018 [INFO] 감시 AIIO pnl=+2.2% price=3.70 age=0s
2026-07-13 14:03:02,018 [INFO] 스캔 건너뜀 — 포지션 만석(3/3): RGTZ, RKLZ, AIIO
2026-07-13 14:03:02,975 [INFO] 감시 RGTZ pnl=+2.4% price=5.29 age=0s
2026-07-13 14:03:03,972 [INFO] 감시 RKLZ pnl=+0.2% price=3.98 age=0s
2026-07-13 14:03:04,981 [INFO] 감시 AIIO pnl=+2.2% price=3.70 age=0s
2026-07-13 14:03:15,566 [INFO] 감시 RGTZ pnl=+2.5% price=5.30 age=0s
2026-07-13 14:03:16,563 [INFO] 감시 RKLZ pnl=+0.5% price=3.99 age=0s
2026-07-13 14:03:17,567 [INFO] 감시 AIIO pnl=+2.5% price=3.71 age=0s
2026-07-13 14:03:28,157 [INFO] 감시 RGTZ pnl=+2.0% price=5.28 age=0s
2026-07-13 14:03:29,155 [INFO] 감시 RKLZ pnl=+0.1% price=3.98 age=0s
2026-07-13 14:03:30,156 [INFO] 감시 AIIO pnl=+2.5% price=3.71 age=0s
2026-07-13 14:03:40,748 [INFO] 감시 RGTZ pnl=+1.9% price=5.27 age=0s
2026-07-13 14:03:41,755 [INFO] 감시 RKLZ pnl=+0.0% price=3.97 age=0s
2026-07-13 14:03:42,749 [INFO] 감시 AIIO pnl=+2.5% price=3.71 age=0s
2026-07-13 14:03:53,358 [INFO] 감시 RGTZ pnl=+1.8% price=5.26 age=0s
2026-07-13 14:03:54,359 [INFO] 감시 RKLZ pnl=+0.1% price=3.98 age=0s
2026-07-13 14:03:55,362 [INFO] 감시 AIIO pnl=+2.9% price=3.73 age=0s
2026-07-13 14:04:05,954 [INFO] 감시 RGTZ pnl=+1.9% price=5.27 age=0s
2026-07-13 14:04:07,973 [INFO] TG: 💰 매도[초입] RGTZ 38주 @$5.27 — 시간청산 30분 (+1.9%)
2026-07-13 14:04:08,963 [INFO] 감시 RKLZ pnl=+0.3% price=3.98 age=0s
2026-07-13 14:04:09,960 [INFO] 감시 AIIO pnl=+2.8% price=3.72 age=0s
2026-07-13 14:04:20,711 [INFO] 스캔완료 후보=20 초입=12 추격=8 통과=0 매수=0 보유=2/3 | 탈락: LABD(거래소), DAMD(거래소), QBTZ(early·모멘텀), MTVA(early·모멘텀), BATL(early·모멘텀)
2026-07-13 14:04:20,760 [INFO] 감시 RKLZ pnl=+0.0% price=3.97 age=0s
2026-07-13 14:04:21,759 [INFO] 감시 AIIO pnl=+2.8% price=3.72 age=0s
2026-07-13 14:04:32,358 [INFO] 감시 RKLZ pnl=+0.0% price=3.97 age=0s
2026-07-13 14:04:33,356 [INFO] 감시 AIIO pnl=+2.8% price=3.72 age=0s
2026-07-13 14:04:43,945 [INFO] 감시 RKLZ pnl=+0.0% price=3.97 age=0s
2026-07-13 14:04:44,948 [INFO] 감시 AIIO pnl=+2.8% price=3.72 age=0s
2026-07-13 14:04:55,540 [INFO] 감시 RKLZ pnl=+0.0% price=3.97 age=0s
2026-07-13 14:04:56,543 [INFO] 감시 AIIO pnl=+2.8% price=3.72 age=0s
2026-07-13 14:05:07,133 [INFO] 감시 RKLZ pnl=+0.1% price=3.98 age=0s
2026-07-13 14:05:08,127 [INFO] 감시 AIIO pnl=+2.8% price=3.72 age=0s
2026-07-13 14:05:18,711 [INFO] 감시 RKLZ pnl=+0.1% price=3.98 age=0s
2026-07-13 14:05:19,707 [INFO] 감시 AIIO pnl=+1.4% price=3.67 age=0s
2026-07-13 14:05:30,352 [INFO] 감시 RKLZ pnl=+0.1% price=3.98 age=0s
2026-07-13 14:05:32,325 [INFO] TG: 💰 매도[초입] RKLZ 50주 @$3.98 — 시간청산 30분 (+0.1%)
2026-07-13 14:05:33,310 [INFO] 감시 AIIO pnl=+1.4% price=3.67 age=0s
2026-07-13 14:05:41,737 [INFO] 스캔완료 후보=22 초입=14 추격=8 통과=0 매수=0 보유=1/3 | 탈락: LABD(거래소), DAMD(거래소), SSPC(거래소), QBTZ(early·모멘텀), MTVA(early·모멘텀)
2026-07-13 14:05:41,784 [INFO] 감시 AIIO pnl=+1.4% price=3.67 age=0s
2026-07-13 14:05:52,372 [INFO] 감시 AIIO pnl=+1.4% price=3.67 age=0s
2026-07-13 14:06:02,980 [INFO] 감시 AIIO pnl=+1.4% price=3.67 age=0s
2026-07-13 14:06:13,571 [INFO] 감시 AIIO pnl=+1.4% price=3.67 age=0s
2026-07-13 14:06:24,170 [INFO] 감시 AIIO pnl=+1.1% price=3.66 age=0s
2026-07-13 14:06:34,764 [INFO] 감시 AIIO pnl=+0.6% price=3.64 age=0s
2026-07-13 14:06:45,361 [INFO] 감시 AIIO pnl=+0.6% price=3.64 age=0s
2026-07-13 14:06:52,092 [INFO] TG: 🟢 매수[초입] FRMM 30주 @$6.57 [NASD] (+10.2%)
2026-07-13 14:06:55,801 [INFO] 스캔완료 후보=20 초입=12 추격=8 통과=1 매수=1 보유=2/3 | 통과: FRMM(early) | 탈락: LABD(거래소), DAMD(거래소), SSPC(거래소), MTVA(early·모멘텀), CRMT(early·모멘텀)
2026-07-13 14:06:55,845 [INFO] 감시 AIIO pnl=+0.6% price=3.64 age=0s
2026-07-13 14:06:56,851 [INFO] 감시 FRMM pnl=-0.8% price=6.52 age=0s
2026-07-13 14:07:07,432 [INFO] 감시 AIIO pnl=+0.0% price=3.62 age=0s
2026-07-13 14:07:08,432 [INFO] 감시 FRMM pnl=-0.8% price=6.52 age=0s
2026-07-13 14:07:19,025 [INFO] 감시 AIIO pnl=-0.5% price=3.60 age=0s
2026-07-13 14:07:20,023 [INFO] 감시 FRMM pnl=-0.7% price=6.53 age=0s
2026-07-13 14:07:30,628 [INFO] 감시 AIIO pnl=+1.6% price=3.68 age=0s
2026-07-13 14:07:31,619 [INFO] 감시 FRMM pnl=-0.7% price=6.53 age=0s
2026-07-13 14:07:42,217 [INFO] 감시 AIIO pnl=+1.6% price=3.68 age=0s
2026-07-13 14:07:43,224 [INFO] 감시 FRMM pnl=-1.7% price=6.46 age=0s
2026-07-13 14:07:53,824 [INFO] 감시 AIIO pnl=+1.6% price=3.68 age=0s
2026-07-13 14:07:54,818 [INFO] 감시 FRMM pnl=-1.7% price=6.46 age=0s
2026-07-13 14:08:05,408 [INFO] 감시 AIIO pnl=+1.6% price=3.68 age=0s
2026-07-13 14:08:06,413 [INFO] 감시 FRMM pnl=-1.7% price=6.46 age=0s
2026-07-13 14:08:14,369 [INFO] 스캔완료 후보=20 초입=11 추격=9 통과=0 매수=0 보유=2/3 | 탈락: LABD(거래소), DAMD(거래소), QBTZ(early·모멘텀), SPCQ(거래소), SSPC(거래소)
2026-07-13 14:08:14,417 [INFO] 감시 AIIO pnl=+1.6% price=3.68 age=0s
2026-07-13 14:08:15,415 [INFO] 감시 FRMM pnl=-0.6% price=6.53 age=0s
2026-07-13 14:08:26,001 [INFO] 감시 AIIO pnl=-0.1% price=3.62 age=0s
2026-07-13 14:08:26,999 [INFO] 감시 FRMM pnl=-0.9% price=6.51 age=0s
2026-07-13 14:08:37,589 [INFO] 감시 AIIO pnl=-0.1% price=3.62 age=0s
2026-07-13 14:08:38,596 [INFO] 감시 FRMM pnl=-0.9% price=6.51 age=0s
2026-07-13 14:08:49,185 [INFO] 감시 AIIO pnl=+0.3% price=3.63 age=0s
2026-07-13 14:08:50,186 [INFO] 감시 FRMM pnl=-0.6% price=6.53 age=0s
2026-07-13 14:09:00,779 [INFO] 감시 AIIO pnl=+0.3% price=3.63 age=0s
2026-07-13 14:09:01,809 [INFO] 감시 FRMM pnl=-0.6% price=6.53 age=0s
2026-07-13 14:09:12,395 [INFO] 감시 AIIO pnl=+0.3% price=3.63 age=0s
2026-07-13 14:09:13,403 [INFO] 감시 FRMM pnl=-0.6% price=6.53 age=0s
2026-07-13 14:09:24,004 [INFO] 감시 AIIO pnl=+0.3% price=3.63 age=0s
2026-07-13 14:09:24,987 [INFO] 감시 FRMM pnl=-1.6% price=6.46 age=0s
2026-07-13 14:09:32,816 [INFO] 스캔완료 후보=21 초입=12 추격=9 통과=0 매수=0 보유=2/3 | 탈락: LABD(거래소), DAMD(거래소), SPCQ(거래소), PLSM(early·모멘텀), MUZ(거래소)
2026-07-13 14:09:32,864 [INFO] 감시 AIIO pnl=+0.3% price=3.63 age=0s
2026-07-13 14:09:33,865 [INFO] 감시 FRMM pnl=-1.6% price=6.46 age=0s
2026-07-13 14:09:44,449 [INFO] 감시 AIIO pnl=+0.4% price=3.63 age=0s
2026-07-13 14:09:45,450 [INFO] 감시 FRMM pnl=-1.6% price=6.46 age=0s
2026-07-13 14:09:56,040 [INFO] 감시 AIIO pnl=+0.4% price=3.63 age=0s
2026-07-13 14:09:57,036 [INFO] 감시 FRMM pnl=-1.6% price=6.46 age=0s
2026-07-13 14:10:07,662 [INFO] 감시 AIIO pnl=+0.8% price=3.65 age=0s
2026-07-13 14:10:08,656 [INFO] 감시 FRMM pnl=-1.6% price=6.46 age=0s
2026-07-13 14:10:19,255 [INFO] 감시 AIIO pnl=+1.4% price=3.67 age=0s
2026-07-13 14:10:20,243 [INFO] 감시 FRMM pnl=-1.6% price=6.46 age=0s
2026-07-13 14:10:30,842 [INFO] 감시 AIIO pnl=+0.0% price=3.62 age=0s
2026-07-13 14:10:31,837 [INFO] 감시 FRMM pnl=-1.7% price=6.46 age=0s
2026-07-13 14:10:42,424 [INFO] 감시 AIIO pnl=+0.0% price=3.62 age=0s
2026-07-13 14:10:43,431 [INFO] 감시 FRMM pnl=-1.7% price=6.46 age=0s
2026-07-13 14:10:51,873 [INFO] 스캔완료 후보=19 초입=11 추격=8 통과=0 매수=0 보유=2/3 | 탈락: LABD(거래소), DAMD(거래소), BATL(early·모멘텀), SSPC(거래소), RFL(early·모멘텀)
2026-07-13 14:10:51,924 [INFO] 감시 AIIO pnl=+0.1% price=3.62 age=0s
2026-07-13 14:10:52,922 [INFO] 감시 FRMM pnl=-2.0% price=6.44 age=0s
2026-07-13 14:11:03,518 [INFO] 감시 AIIO pnl=+0.1% price=3.62 age=0s
2026-07-13 14:11:04,729 [INFO] 감시 FRMM pnl=-2.0% price=6.44 age=0s
2026-07-13 14:11:15,321 [INFO] 감시 AIIO pnl=+0.0% price=3.62 age=0s
2026-07-13 14:11:16,326 [INFO] 감시 FRMM pnl=-2.0% price=6.44 age=0s
2026-07-13 14:11:26,921 [INFO] 감시 AIIO pnl=+0.0% price=3.62 age=0s
2026-07-13 14:11:27,926 [INFO] 감시 FRMM pnl=-1.8% price=6.45 age=0s
2026-07-13 14:11:38,518 [INFO] 감시 AIIO pnl=+0.0% price=3.62 age=0s
2026-07-13 14:11:39,519 [INFO] 감시 FRMM pnl=-1.8% price=6.45 age=0s
2026-07-13 14:11:50,121 [INFO] 감시 AIIO pnl=+0.7% price=3.65 age=0s
2026-07-13 14:11:51,116 [INFO] 감시 FRMM pnl=-1.8% price=6.45 age=0s
2026-07-13 14:12:01,729 [INFO] 감시 AIIO pnl=+0.7% price=3.65 age=0s
2026-07-13 14:12:02,716 [INFO] 감시 FRMM pnl=-1.8% price=6.45 age=0s
2026-07-13 14:12:10,653 [INFO] 스캔완료 후보=21 초입=13 추격=8 통과=0 매수=0 보유=2/3 | 탈락: LABD(거래소), DAMD(거래소), BATL(early·모멘텀), QBTZ(early·모멘텀), SOXS(거래소)
2026-07-13 14:12:10,702 [INFO] 감시 AIIO pnl=+0.7% price=3.65 age=0s
2026-07-13 14:12:12,714 [INFO] TG: 💰 매도[초입] AIIO 55주 @$3.65 — 시간청산 30분 (+0.7%)
2026-07-13 14:12:15,930 [INFO] 감시 FRMM pnl=-1.8% price=6.45 age=0s
2026-07-13 14:12:26,511 [INFO] 감시 FRMM pnl=-1.6% price=6.46 age=0s
2026-07-13 14:12:37,108 [INFO] 감시 FRMM pnl=-1.4% price=6.48 age=0s
2026-07-13 14:12:47,760 [INFO] 감시 FRMM pnl=-1.3% price=6.49 age=0s
2026-07-13 14:12:58,350 [INFO] 감시 FRMM pnl=-1.2% price=6.49 age=0s
2026-07-13 14:13:08,940 [INFO] 감시 FRMM pnl=-1.0% price=6.50 age=0s
2026-07-13 14:13:19,538 [INFO] 감시 FRMM pnl=-1.0% price=6.50 age=0s
2026-07-13 14:13:27,888 [INFO] 스캔완료 후보=21 초입=12 추격=9 통과=0 매수=0 보유=1/3 | 탈락: LABD(거래소), DAMD(거래소), BATL(early·모멘텀), SSPC(거래소), RFL(early·모멘텀)
2026-07-13 14:13:27,931 [INFO] 감시 FRMM pnl=-1.0% price=6.50 age=0s
2026-07-13 14:13:38,522 [INFO] 감시 FRMM pnl=-1.0% price=6.50 age=0s
2026-07-13 14:13:49,107 [INFO] 감시 FRMM pnl=-1.0% price=6.50 age=0s
2026-07-13 14:13:59,700 [INFO] 감시 FRMM pnl=-1.1% price=6.50 age=0s
2026-07-13 14:14:10,288 [INFO] 감시 FRMM pnl=-1.8% price=6.45 age=0s
2026-07-13 14:14:20,884 [INFO] 감시 FRMM pnl=-1.8% price=6.45 age=0s
2026-07-13 14:14:31,479 [INFO] 감시 FRMM pnl=-1.8% price=6.45 age=0s
2026-07-13 14:14:39,963 [INFO] 스캔완료 후보=18 초입=9 추격=9 통과=0 매수=0 보유=1/3 | 탈락: LABD(거래소), BATL(early·모멘텀), DAMD(거래소), SSPC(거래소), SOXS(거래소)
2026-07-13 14:14:40,010 [INFO] 감시 FRMM pnl=-1.8% price=6.45 age=0s
2026-07-13 14:14:50,603 [INFO] 감시 FRMM pnl=-1.8% price=6.45 age=0s
2026-07-13 14:15:01,248 [INFO] 감시 FRMM pnl=-1.8% price=6.45 age=0s
2026-07-13 14:15:11,881 [INFO] 감시 FRMM pnl=-1.8% price=6.45 age=0s
2026-07-13 14:15:22,461 [INFO] 감시 FRMM pnl=-1.8% price=6.45 age=0s
2026-07-13 14:15:33,051 [INFO] 감시 FRMM pnl=-1.8% price=6.45 age=0s
2026-07-13 14:15:43,636 [INFO] 감시 FRMM pnl=-1.8% price=6.45 age=0s
2026-07-13 14:15:52,102 [INFO] 스캔완료 후보=20 초입=12 추격=8 통과=0 매수=0 보유=1/3 | 탈락: LABD(거래소), BATL(early·모멘텀), DAMD(거래소), SSPC(거래소), SOXS(거래소)
2026-07-13 14:15:52,148 [INFO] 감시 FRMM pnl=-1.3% price=6.49 age=0s
2026-07-13 14:16:02,741 [INFO] 감시 FRMM pnl=-1.3% price=6.49 age=0s
2026-07-13 14:16:13,324 [INFO] 감시 FRMM pnl=-1.3% price=6.49 age=0s
2026-07-13 14:16:23,935 [INFO] 감시 FRMM pnl=-1.3% price=6.49 age=0s
2026-07-13 14:16:34,525 [INFO] 감시 FRMM pnl=-1.3% price=6.49 age=0s
2026-07-13 14:16:45,116 [INFO] 감시 FRMM pnl=-1.3% price=6.49 age=0s
2026-07-13 14:16:55,715 [INFO] 감시 FRMM pnl=-1.3% price=6.49 age=0s
2026-07-13 14:17:04,734 [INFO] 스캔완료 후보=18 초입=9 추격=9 통과=0 매수=0 보유=1/3 | 탈락: DAMD(거래소), LABD(거래소), SSPC(거래소), RFL(early·모멘텀), MUZ(거래소)
2026-07-13 14:17:04,785 [INFO] 감시 FRMM pnl=-1.3% price=6.49 age=0s
2026-07-13 14:17:15,367 [INFO] 감시 FRMM pnl=-1.3% price=6.49 age=0s
2026-07-13 14:17:25,955 [INFO] 감시 FRMM pnl=-1.3% price=6.49 age=0s
2026-07-13 14:17:36,543 [INFO] 감시 FRMM pnl=-1.3% price=6.49 age=0s
2026-07-13 14:17:47,131 [INFO] 감시 FRMM pnl=-1.3% price=6.49 age=0s
2026-07-13 14:17:57,726 [INFO] 감시 FRMM pnl=-1.3% price=6.49 age=0s
2026-07-13 14:18:08,323 [INFO] 감시 FRMM pnl=-1.3% price=6.49 age=0s
2026-07-13 14:18:17,256 [INFO] 스캔완료 후보=17 초입=7 추격=10 통과=0 매수=0 보유=1/3 | 탈락: DAMD(거래소), LABD(거래소), BATL(early·모멘텀), PETZ(early·모멘텀), SOXS(거래소)
2026-07-13 14:18:17,305 [INFO] 감시 FRMM pnl=-1.3% price=6.49 age=0s
2026-07-13 14:18:27,903 [INFO] 감시 FRMM pnl=-1.3% price=6.49 age=0s
2026-07-13 14:18:38,493 [INFO] 감시 FRMM pnl=-1.3% price=6.49 age=0s
2026-07-13 14:18:49,075 [INFO] 감시 FRMM pnl=-1.3% price=6.49 age=0s
2026-07-13 14:18:59,656 [INFO] 감시 FRMM pnl=-1.3% price=6.49 age=0s
2026-07-13 14:19:10,265 [INFO] 감시 FRMM pnl=-1.8% price=6.46 age=0s
2026-07-13 14:19:20,858 [INFO] 감시 FRMM pnl=-1.8% price=6.46 age=0s
2026-07-13 14:19:29,785 [INFO] 스캔완료 후보=19 초입=9 추격=10 통과=0 매수=0 보유=1/3 | 탈락: DAMD(거래소), LABD(거래소), BATL(early·모멘텀), QBTZ(early·모멘텀), MUZ(거래소)
2026-07-13 14:19:29,832 [INFO] 감시 FRMM pnl=-1.8% price=6.46 age=0s
2026-07-13 14:19:40,424 [INFO] 감시 FRMM pnl=-1.5% price=6.47 age=0s
2026-07-13 14:19:51,016 [INFO] 감시 FRMM pnl=-1.4% price=6.47 age=0s
2026-07-13 14:20:01,632 [INFO] 감시 FRMM pnl=-1.4% price=6.47 age=0s
2026-07-13 14:20:12,227 [INFO] 감시 FRMM pnl=-1.4% price=6.47 age=0s
2026-07-13 14:20:22,816 [INFO] 감시 FRMM pnl=-1.4% price=6.47 age=0s
2026-07-13 14:20:33,397 [INFO] 감시 FRMM pnl=-1.4% price=6.47 age=0s
2026-07-13 14:20:42,917 [INFO] 스캔완료 후보=20 초입=9 추격=11 통과=0 매수=0 보유=1/3 | 탈락: DAMD(거래소), BATL(early·모멘텀), LABD(거래소), MUZ(거래소), PN(early·모멘텀)
2026-07-13 14:20:42,960 [INFO] 감시 FRMM pnl=-1.6% price=6.46 age=0s
2026-07-13 14:20:53,556 [INFO] 감시 FRMM pnl=-1.6% price=6.46 age=0s
2026-07-13 14:21:04,139 [INFO] 감시 FRMM pnl=-1.6% price=6.46 age=0s
2026-07-13 14:21:14,739 [INFO] 감시 FRMM pnl=-1.6% price=6.46 age=0s
2026-07-13 14:21:25,334 [INFO] 감시 FRMM pnl=-1.6% price=6.46 age=0s
2026-07-13 14:21:35,916 [INFO] 감시 FRMM pnl=-1.6% price=6.46 age=0s
2026-07-13 14:21:46,509 [INFO] 감시 FRMM pnl=-1.6% price=6.46 age=0s
2026-07-13 14:21:55,953 [INFO] 스캔완료 후보=18 초입=8 추격=10 통과=0 매수=0 보유=1/3 | 탈락: DAMD(거래소), PLSM(early·모멘텀), LABD(거래소), SOXS(거래소), BATL(early·모멘텀)
2026-07-13 14:21:56,012 [INFO] 감시 FRMM pnl=-1.6% price=6.46 age=0s
2026-07-13 14:22:06,609 [INFO] 감시 FRMM pnl=-1.6% price=6.46 age=0s
2026-07-13 14:22:17,200 [INFO] 감시 FRMM pnl=-1.1% price=6.50 age=0s
2026-07-13 14:22:27,788 [INFO] 감시 FRMM pnl=-1.1% price=6.50 age=0s
2026-07-13 14:22:38,378 [INFO] 감시 FRMM pnl=-1.0% price=6.50 age=0s
2026-07-13 14:22:48,976 [INFO] 감시 FRMM pnl=-1.0% price=6.50 age=0s
2026-07-13 14:22:59,572 [INFO] 감시 FRMM pnl=-1.0% price=6.50 age=0s
2026-07-13 14:23:09,127 [INFO] 스캔완료 후보=16 초입=7 추격=9 통과=0 매수=0 보유=1/3 | 탈락: DAMD(거래소), LABD(거래소), SOXS(거래소), PN(early·모멘텀), BATL(early·모멘텀)
2026-07-13 14:23:09,164 [INFO] 감시 FRMM pnl=-1.0% price=6.50 age=0s
2026-07-13 14:23:19,759 [INFO] 감시 FRMM pnl=-1.0% price=6.50 age=0s
2026-07-13 14:23:30,355 [INFO] 감시 FRMM pnl=-1.0% price=6.50 age=0s
2026-07-13 14:23:40,949 [INFO] 감시 FRMM pnl=-1.0% price=6.50 age=0s
2026-07-13 14:23:51,531 [INFO] 감시 FRMM pnl=-1.0% price=6.50 age=0s
2026-07-13 14:24:02,182 [INFO] 감시 FRMM pnl=-1.0% price=6.50 age=0s
2026-07-13 14:24:12,763 [INFO] 감시 FRMM pnl=-1.0% price=6.50 age=0s
2026-07-13 14:24:21,718 [INFO] 스캔완료 후보=19 초입=9 추격=10 통과=0 매수=0 보유=1/3 | 탈락: DAMD(거래소), VG(early·모멘텀), PLSM(early·모멘텀), LABD(거래소), SOXS(거래소)
2026-07-13 14:24:21,759 [INFO] 감시 FRMM pnl=-1.0% price=6.50 age=0s
2026-07-13 14:24:32,359 [INFO] 감시 FRMM pnl=-1.0% price=6.50 age=0s
2026-07-13 14:24:42,956 [INFO] 감시 FRMM pnl=-1.0% price=6.50 age=0s
2026-07-13 14:24:53,573 [INFO] 감시 FRMM pnl=-1.1% price=6.50 age=0s
2026-07-13 14:25:04,169 [INFO] 감시 FRMM pnl=-1.1% price=6.50 age=0s
2026-07-13 14:25:14,765 [INFO] 감시 FRMM pnl=-1.1% price=6.50 age=0s
2026-07-13 14:25:25,364 [INFO] 감시 FRMM pnl=-1.1% price=6.50 age=0s
2026-07-13 14:25:34,301 [INFO] 스캔완료 후보=22 초입=11 추격=11 통과=0 매수=0 보유=1/3 | 탈락: VG(early·모멘텀), DAMD(거래소), PLSM(early·모멘텀), LABD(거래소), BATL(early·모멘텀)
2026-07-13 14:25:34,347 [INFO] 감시 FRMM pnl=-1.1% price=6.50 age=0s
2026-07-13 14:25:44,953 [INFO] 감시 FRMM pnl=-1.1% price=6.50 age=0s
2026-07-13 14:25:55,553 [INFO] 감시 FRMM pnl=-1.4% price=6.48 age=0s
2026-07-13 14:26:06,144 [INFO] 감시 FRMM pnl=-1.4% price=6.48 age=0s
2026-07-13 14:26:16,735 [INFO] 감시 FRMM pnl=-1.1% price=6.50 age=0s
2026-07-13 14:26:27,340 [INFO] 감시 FRMM pnl=-1.0% price=6.50 age=0s
2026-07-13 14:26:37,937 [INFO] 감시 FRMM pnl=-1.0% price=6.50 age=0s
2026-07-13 14:26:47,556 [INFO] 스캔완료 후보=21 초입=11 추격=10 통과=0 매수=0 보유=1/3 | 탈락: DAMD(거래소), VG(early·모멘텀), PLSM(early·모멘텀), LABD(거래소), BATL(early·모멘텀)
2026-07-13 14:26:47,599 [INFO] 감시 FRMM pnl=-1.0% price=6.50 age=0s
2026-07-13 14:26:58,192 [INFO] 감시 FRMM pnl=-1.0% price=6.50 age=0s
2026-07-13 14:27:08,796 [INFO] 감시 FRMM pnl=-1.0% price=6.50 age=0s
2026-07-13 14:27:19,396 [INFO] 감시 FRMM pnl=-1.0% price=6.50 age=0s
2026-07-13 14:27:30,001 [INFO] 감시 FRMM pnl=-1.0% price=6.50 age=0s
2026-07-13 14:27:40,595 [INFO] 감시 FRMM pnl=-0.6% price=6.53 age=0s
2026-07-13 14:27:51,190 [INFO] 감시 FRMM pnl=-0.6% price=6.53 age=0s
2026-07-13 14:28:01,369 [INFO] 스캔완료 후보=21 초입=12 추격=9 통과=0 매수=0 보유=1/3 | 탈락: DAMD(거래소), VG(early·모멘텀), PLSM(early·모멘텀), LABD(거래소), BATL(early·모멘텀)
2026-07-13 14:28:01,428 [INFO] 감시 FRMM pnl=-0.6% price=6.53 age=0s
2026-07-13 14:28:12,014 [INFO] 감시 FRMM pnl=-0.6% price=6.53 age=0s
2026-07-13 14:28:22,602 [INFO] 감시 FRMM pnl=-0.6% price=6.53 age=0s
2026-07-13 14:28:33,190 [INFO] 감시 FRMM pnl=-0.6% price=6.53 age=0s
2026-07-13 14:28:43,780 [INFO] 감시 FRMM pnl=-0.8% price=6.51 age=0s
2026-07-13 14:28:54,372 [INFO] 감시 FRMM pnl=-0.8% price=6.51 age=0s
2026-07-13 14:29:04,964 [INFO] 감시 FRMM pnl=-0.8% price=6.51 age=0s
2026-07-13 14:29:14,507 [INFO] 스캔완료 후보=23 초입=13 추격=10 통과=0 매수=0 보유=1/3 | 탈락: DAMD(거래소), VG(early·모멘텀), PLSM(early·모멘텀), LABD(거래소), SOXS(거래소)
2026-07-13 14:29:14,553 [INFO] 감시 FRMM pnl=-0.8% price=6.51 age=0s
2026-07-13 14:29:25,144 [INFO] 감시 FRMM pnl=+0.1% price=6.58 age=0s
2026-07-13 14:29:35,725 [INFO] 감시 FRMM pnl=+0.1% price=6.58 age=0s
2026-07-13 14:29:46,329 [INFO] 감시 FRMM pnl=+0.1% price=6.58 age=0s
2026-07-13 14:29:56,921 [INFO] 감시 FRMM pnl=+0.1% price=6.58 age=0s
2026-07-13 14:30:07,531 [INFO] 감시 FRMM pnl=+0.1% price=6.58 age=0s
2026-07-13 14:30:18,122 [INFO] 감시 FRMM pnl=+0.1% price=6.58 age=0s
2026-07-13 14:30:28,497 [INFO] 스캔완료 후보=20 초입=10 추격=10 통과=0 매수=0 보유=1/3 | 탈락: DAMD(거래소), VG(early·모멘텀), LABD(거래소), SOXS(거래소), TSEG(거래소)
2026-07-13 14:30:28,585 [INFO] 감시 FRMM pnl=+0.1% price=6.58 age=0s
2026-07-13 14:30:39,165 [INFO] 감시 FRMM pnl=+0.1% price=6.58 age=0s
2026-07-13 14:30:49,760 [INFO] 감시 FRMM pnl=+0.2% price=6.58 age=0s
2026-07-13 14:31:00,369 [INFO] 감시 FRMM pnl=+0.2% price=6.58 age=0s
2026-07-13 14:31:10,970 [INFO] 감시 FRMM pnl=+0.2% price=6.58 age=0s
2026-07-13 14:31:21,565 [INFO] 감시 FRMM pnl=+0.2% price=6.58 age=0s
2026-07-13 14:31:32,153 [INFO] 감시 FRMM pnl=+0.2% price=6.58 age=0s
2026-07-13 14:31:42,225 [INFO] 스캔완료 후보=22 초입=11 추격=11 통과=0 매수=0 보유=1/3 | 탈락: VG(early·모멘텀), LABD(거래소), PLSM(early·모멘텀), SOXS(거래소), BATL(early·모멘텀)
2026-07-13 14:31:42,274 [INFO] 감시 FRMM pnl=+0.2% price=6.58 age=0s
2026-07-13 14:31:52,856 [INFO] 감시 FRMM pnl=+0.2% price=6.58 age=0s
2026-07-13 14:32:03,446 [INFO] 감시 FRMM pnl=+0.2% price=6.58 age=0s
2026-07-13 14:32:14,037 [INFO] 감시 FRMM pnl=+0.2% price=6.58 age=0s
2026-07-13 14:32:24,618 [INFO] 감시 FRMM pnl=+0.2% price=6.58 age=0s
2026-07-13 14:32:35,204 [INFO] 감시 FRMM pnl=+0.2% price=6.58 age=0s
2026-07-13 14:32:45,796 [INFO] 감시 FRMM pnl=+0.2% price=6.58 age=0s
2026-07-13 14:32:55,845 [INFO] 스캔완료 후보=22 초입=11 추격=11 통과=0 매수=0 보유=1/3 | 탈락: VG(early·모멘텀), LABD(거래소), PLSM(early·모멘텀), SOXS(거래소), TSEG(거래소)
2026-07-13 14:32:55,892 [INFO] 감시 FRMM pnl=+0.2% price=6.58 age=0s
2026-07-13 14:33:06,472 [INFO] 감시 FRMM pnl=+0.2% price=6.58 age=0s
2026-07-13 14:33:17,054 [INFO] 감시 FRMM pnl=+0.2% price=6.58 age=0s
2026-07-13 14:33:27,676 [INFO] 감시 FRMM pnl=-0.1% price=6.57 age=0s
2026-07-13 14:33:38,260 [INFO] 감시 FRMM pnl=-0.1% price=6.57 age=0s
2026-07-13 14:33:48,850 [INFO] 감시 FRMM pnl=-0.1% price=6.57 age=0s
2026-07-13 14:33:59,435 [INFO] 감시 FRMM pnl=-0.1% price=6.57 age=0s
2026-07-13 14:34:10,148 [INFO] 스캔완료 후보=19 초입=9 추격=10 통과=0 매수=0 보유=1/3 | 탈락: VG(early·모멘텀), PLSM(early·모멘텀), LABD(거래소), SOXS(거래소), KRO(early·모멘텀)
2026-07-13 14:34:10,193 [INFO] 감시 FRMM pnl=-0.1% price=6.57 age=0s
2026-07-13 14:34:20,775 [INFO] 감시 FRMM pnl=-0.1% price=6.57 age=0s
2026-07-13 14:34:31,365 [INFO] 감시 FRMM pnl=-0.1% price=6.57 age=0s
2026-07-13 14:34:41,957 [INFO] 감시 FRMM pnl=-0.1% price=6.57 age=0s
2026-07-13 14:34:52,537 [INFO] 감시 FRMM pnl=-0.1% price=6.57 age=0s
2026-07-13 14:35:03,155 [INFO] 감시 FRMM pnl=-0.1% price=6.57 age=0s
2026-07-13 14:35:13,747 [INFO] 감시 FRMM pnl=-0.2% price=6.56 age=0s
2026-07-13 14:35:23,945 [INFO] 스캔완료 후보=21 초입=12 추격=9 통과=0 매수=0 보유=1/3 | 탈락: VG(early·모멘텀), CLF(early·모멘텀), PLSM(early·모멘텀), LABD(거래소), SOXS(거래소)
2026-07-13 14:35:23,995 [INFO] 감시 FRMM pnl=-0.2% price=6.56 age=0s
2026-07-13 14:35:34,584 [INFO] 감시 FRMM pnl=-0.2% price=6.56 age=0s
2026-07-13 14:35:45,168 [INFO] 감시 FRMM pnl=-0.2% price=6.56 age=0s
2026-07-13 14:35:55,764 [INFO] 감시 FRMM pnl=-0.2% price=6.56 age=0s
2026-07-13 14:36:06,432 [INFO] 감시 FRMM pnl=-0.2% price=6.56 age=0s
2026-07-13 14:36:17,022 [INFO] 감시 FRMM pnl=-0.2% price=6.56 age=0s
2026-07-13 14:36:27,603 [INFO] 감시 FRMM pnl=-0.2% price=6.56 age=0s
2026-07-13 14:36:37,743 [INFO] 스캔완료 후보=21 초입=11 추격=10 통과=0 매수=0 보유=1/3 | 탈락: VG(early·모멘텀), PLSM(early·모멘텀), LABD(거래소), SOXS(거래소), TSEG(거래소)
2026-07-13 14:36:37,794 [INFO] 감시 FRMM pnl=-0.2% price=6.56 age=0s
2026-07-13 14:36:48,391 [INFO] 감시 FRMM pnl=-0.2% price=6.56 age=0s
2026-07-13 14:36:58,981 [INFO] 감시 FRMM pnl=-0.2% price=6.56 age=0s
2026-07-13 14:37:00,989 [INFO] TG: 🔴 매도[초입] FRMM 30주 @$6.56 — 시간청산 30분 (-0.2%)
2026-07-13 14:37:54,797 [INFO] 스캔완료 후보=19 초입=10 추격=9 통과=0 매수=0 보유=0/3 | 탈락: CLF(early·모멘텀), VG(early·모멘텀), LABD(거래소), SOXS(거래소), KRO(early·모멘텀)
2026-07-13 14:39:08,746 [INFO] 스캔완료 후보=18 초입=8 추격=10 통과=0 매수=0 보유=0/3 | 탈락: CLF(early·모멘텀), VG(early·모멘텀), PLSM(early·모멘텀), LABD(거래소), SOXS(거래소)
2026-07-13 14:40:22,716 [INFO] 스캔완료 후보=17 초입=7 추격=10 통과=0 매수=0 보유=0/3 | 탈락: CLF(early·모멘텀), VG(early·모멘텀), LABD(거래소), PLSM(early·모멘텀), SOXS(거래소)
2026-07-13 14:41:36,556 [INFO] 스캔완료 후보=17 초입=8 추격=9 통과=0 매수=0 보유=0/3 | 탈락: VG(early·모멘텀), CLF(early·모멘텀), LABD(거래소), PLSM(early·모멘텀), SOXS(거래소)
2026-07-13 14:42:49,892 [INFO] 스캔완료 후보=19 초입=9 추격=10 통과=0 매수=0 보유=0/3 | 탈락: VG(early·모멘텀), CLF(early·모멘텀), PLSM(early·모멘텀), LABD(거래소), SOXS(거래소)
2026-07-13 14:44:02,699 [INFO] 스캔완료 후보=19 초입=11 추격=8 통과=0 매수=0 보유=0/3 | 탈락: DAMD(거래소), VG(early·모멘텀), PLSM(early·모멘텀), LABD(거래소), SOXS(거래소)
2026-07-13 14:45:15,680 [INFO] 스캔완료 후보=16 초입=8 추격=8 통과=0 매수=0 보유=0/3 | 탈락: DAMD(거래소), VG(early·모멘텀), PLSM(early·모멘텀), LABD(거래소), SOXS(거래소)
2026-07-13 14:46:28,918 [INFO] 스캔완료 후보=16 초입=9 추격=7 통과=0 매수=0 보유=0/3 | 탈락: DAMD(거래소), CLF(early·모멘텀), VG(early·모멘텀), LABD(거래소), RFL(early·모멘텀)
2026-07-13 14:47:43,372 [INFO] 스캔완료 후보=17 초입=8 추격=9 통과=0 매수=0 보유=0/3 | 탈락: DAMD(거래소), VG(early·모멘텀), CLF(early·모멘텀), LABD(거래소), SOXS(거래소)
2026-07-13 14:48:57,251 [INFO] 스캔완료 후보=19 초입=10 추격=9 통과=0 매수=0 보유=0/3 | 탈락: DAMD(거래소), VG(early·모멘텀), CLF(early·모멘텀), PLSM(early·모멘텀), LABD(거래소)
2026-07-13 14:50:12,016 [INFO] 스캔완료 후보=19 초입=9 추격=10 통과=0 매수=0 보유=0/3 | 탈락: DAMD(거래소), VG(early·모멘텀), CLF(early·모멘텀), PLSM(early·모멘텀), LABD(거래소)
2026-07-13 14:51:26,109 [INFO] 스캔완료 후보=17 초입=9 추격=8 통과=0 매수=0 보유=0/3 | 탈락: DAMD(거래소), VG(early·모멘텀), PLSM(early·모멘텀), CLF(early·모멘텀), LABD(거래소)
2026-07-13 14:52:40,007 [INFO] 스캔완료 후보=16 초입=8 추격=8 통과=0 매수=0 보유=0/3 | 탈락: DAMD(거래소), CLF(early·모멘텀), VG(early·모멘텀), PLSM(early·모멘텀), LABD(거래소)
2026-07-13 14:53:53,985 [INFO] 스캔완료 후보=17 초입=8 추격=9 통과=0 매수=0 보유=0/3 | 탈락: DAMD(거래소), VG(early·모멘텀), CLF(early·모멘텀), PLSM(early·모멘텀), LABD(거래소)
2026-07-13 14:55:07,956 [INFO] 스캔완료 후보=16 초입=8 추격=8 통과=0 매수=0 보유=0/3 | 탈락: DAMD(거래소), CLF(early·모멘텀), VG(early·모멘텀), PLSM(early·모멘텀), LABD(거래소)
2026-07-13 14:56:22,167 [INFO] 스캔완료 후보=17 초입=8 추격=9 통과=0 매수=0 보유=0/3 | 탈락: VG(early·모멘텀), DAMD(거래소), CLF(early·모멘텀), PLSM(early·모멘텀), LABD(거래소)
2026-07-13 14:57:36,143 [INFO] 스캔완료 후보=19 초입=9 추격=10 통과=0 매수=0 보유=0/3 | 탈락: DAMD(거래소), VG(early·모멘텀), CLF(early·모멘텀), PLSM(early·모멘텀), LABD(거래소)
2026-07-13 14:58:49,955 [INFO] 스캔완료 후보=20 초입=10 추격=10 통과=0 매수=0 보유=0/3 | 탈락: DAMD(거래소), VG(early·모멘텀), CLF(early·모멘텀), PLSM(early·모멘텀), LABD(거래소)
2026-07-13 15:00:04,008 [INFO] 스캔완료 후보=18 초입=9 추격=9 통과=0 매수=0 보유=0/3 | 탈락: CLF(early·모멘텀), VG(early·모멘텀), LABD(거래소), SOXS(거래소), BATL(early·모멘텀)
2026-07-13 15:01:18,688 [INFO] 스캔완료 후보=15 초입=7 추격=8 통과=0 매수=0 보유=0/3 | 탈락: CLF(early·모멘텀), VG(early·모멘텀), LABD(거래소), SOXS(거래소), BATL(early·모멘텀)
2026-07-13 15:02:32,494 [INFO] 스캔완료 후보=14 초입=6 추격=8 통과=0 매수=0 보유=0/3 | 탈락: CLF(early·모멘텀), VG(early·모멘텀), LABD(거래소), SOXS(거래소), BATL(early·모멘텀)
2026-07-13 15:03:46,924 [INFO] 스캔완료 후보=17 초입=8 추격=9 통과=0 매수=0 보유=0/3 | 탈락: CLF(early·모멘텀), VG(early·모멘텀), LABD(거래소), BATL(early·모멘텀), SOXS(거래소)
2026-07-13 15:05:01,962 [INFO] TG: 🟢 매수[추격] LGPS 169주 @$1.18 [AMEX] (+42.0%)
2026-07-13 15:05:02,867 [INFO] 스캔완료 후보=13 초입=5 추격=8 통과=1 매수=1 보유=1/3 | 통과: LGPS(chase) | 탈락: VG(early·모멘텀), LABD(거래소), BATL(early·모멘텀), SOXS(거래소), WFF(early·모멘텀)
2026-07-13 15:05:02,925 [INFO] 감시 LGPS pnl=+0.9% price=1.19 age=0s
2026-07-13 15:05:13,511 [INFO] 감시 LGPS pnl=+1.0% price=1.19 age=0s
2026-07-13 15:05:24,108 [INFO] 감시 LGPS pnl=+1.3% price=1.20 age=0s
2026-07-13 15:05:34,707 [INFO] 감시 LGPS pnl=+1.7% price=1.20 age=0s
2026-07-13 15:05:45,295 [INFO] 감시 LGPS pnl=+0.9% price=1.19 age=0s
2026-07-13 15:05:55,887 [INFO] 감시 LGPS pnl=+1.3% price=1.20 age=0s
2026-07-13 15:06:06,487 [INFO] 감시 LGPS pnl=+1.3% price=1.20 age=0s
2026-07-13 15:06:16,535 [INFO] 스캔완료 후보=15 초입=6 추격=9 통과=0 매수=0 보유=1/3 | 탈락: VG(early·모멘텀), LABD(거래소), BATL(early·모멘텀), SOXS(거래소), PSNL(early·모멘텀)
2026-07-13 15:06:16,582 [INFO] 감시 LGPS pnl=+1.0% price=1.19 age=0s
2026-07-13 15:06:27,178 [INFO] 감시 LGPS pnl=+0.9% price=1.19 age=0s
2026-07-13 15:06:37,762 [INFO] 감시 LGPS pnl=+2.1% price=1.21 age=0s
2026-07-13 15:06:48,360 [INFO] 감시 LGPS pnl=+2.1% price=1.21 age=0s
2026-07-13 15:06:58,955 [INFO] 감시 LGPS pnl=+0.8% price=1.19 age=0s
2026-07-13 15:07:09,550 [INFO] 감시 LGPS pnl=+2.5% price=1.21 age=0s
2026-07-13 15:07:20,149 [INFO] 감시 LGPS pnl=+3.4% price=1.22 age=0s
2026-07-13 15:07:32,225 [INFO] 스캔완료 후보=15 초입=6 추격=9 통과=0 매수=0 보유=1/3 | 탈락: VG(early·모멘텀), LABD(거래소), BATL(early·모멘텀), SOXS(거래소), IONZ(early·모멘텀)
2026-07-13 15:07:32,271 [INFO] 감시 LGPS pnl=+1.8% price=1.20 age=0s
2026-07-13 15:07:42,867 [INFO] 감시 LGPS pnl=+2.4% price=1.21 age=0s
2026-07-13 15:07:53,459 [INFO] 감시 LGPS pnl=+1.8% price=1.20 age=0s
2026-07-13 15:08:04,053 [INFO] 감시 LGPS pnl=+1.7% price=1.20 age=0s
2026-07-13 15:08:14,644 [INFO] 감시 LGPS pnl=+2.4% price=1.21 age=0s
2026-07-13 15:08:25,233 [INFO] 감시 LGPS pnl=+2.4% price=1.21 age=0s
2026-07-13 15:08:35,821 [INFO] 감시 LGPS pnl=+2.5% price=1.21 age=0s
2026-07-13 15:08:47,135 [INFO] 스캔완료 후보=17 초입=8 추격=9 통과=0 매수=0 보유=1/3 | 탈락: VG(early·모멘텀), LABD(거래소), BATL(early·모멘텀), SOXS(거래소), NIOBW(early·모멘텀)
2026-07-13 15:08:47,177 [INFO] 감시 LGPS pnl=+2.1% price=1.21 age=0s
2026-07-13 15:08:57,764 [INFO] 감시 LGPS pnl=+2.4% price=1.21 age=0s
2026-07-13 15:09:08,353 [INFO] 감시 LGPS pnl=+1.7% price=1.20 age=0s
2026-07-13 15:09:18,944 [INFO] 감시 LGPS pnl=+3.4% price=1.22 age=0s
2026-07-13 15:09:31,555 [INFO] 감시 LGPS pnl=+2.5% price=1.21 age=0s
2026-07-13 15:09:42,149 [INFO] 감시 LGPS pnl=+3.0% price=1.22 age=0s
2026-07-13 15:09:52,740 [INFO] 감시 LGPS pnl=+3.0% price=1.22 age=0s
2026-07-13 15:10:04,011 [INFO] 스캔완료 후보=18 초입=8 추격=10 통과=0 매수=0 보유=1/3 | 탈락: VG(early·모멘텀), LABD(거래소), BATL(early·모멘텀), SOXS(거래소), NIOBW(early·모멘텀)
2026-07-13 15:10:04,062 [INFO] 감시 LGPS pnl=+2.6% price=1.21 age=0s
2026-07-13 15:10:14,649 [INFO] 감시 LGPS pnl=+2.1% price=1.21 age=0s
2026-07-13 15:10:25,235 [INFO] 감시 LGPS pnl=+2.1% price=1.21 age=0s
2026-07-13 15:10:35,831 [INFO] 감시 LGPS pnl=+2.1% price=1.21 age=0s
2026-07-13 15:10:46,419 [INFO] 감시 LGPS pnl=+1.7% price=1.20 age=0s
2026-07-13 15:10:57,061 [INFO] 감시 LGPS pnl=+2.1% price=1.21 age=0s
2026-07-13 15:11:07,657 [INFO] 감시 LGPS pnl=+2.5% price=1.21 age=0s
2026-07-13 15:11:18,452 [INFO] 스캔완료 후보=18 초입=9 추격=9 통과=0 매수=0 보유=1/3 | 탈락: LABD(거래소), VG(early·모멘텀), BATL(early·모멘텀), SOXS(거래소), NIOBW(early·모멘텀)
2026-07-13 15:11:18,496 [INFO] 감시 LGPS pnl=+1.7% price=1.20 age=0s
2026-07-13 15:11:29,089 [INFO] 감시 LGPS pnl=+2.5% price=1.21 age=0s
2026-07-13 15:11:39,676 [INFO] 감시 LGPS pnl=+2.1% price=1.21 age=0s
2026-07-13 15:11:50,268 [INFO] 감시 LGPS pnl=+1.7% price=1.20 age=0s
2026-07-13 15:12:00,877 [INFO] 감시 LGPS pnl=+1.7% price=1.20 age=0s
2026-07-13 15:12:11,463 [INFO] 감시 LGPS pnl=+1.3% price=1.20 age=0s
2026-07-13 15:12:22,056 [INFO] 감시 LGPS pnl=+0.9% price=1.19 age=0s
2026-07-13 15:12:32,668 [INFO] 스캔완료 후보=20 초입=10 추격=10 통과=0 매수=0 보유=1/3 | 탈락: VG(early·모멘텀), LABD(거래소), SOXS(거래소), BATL(early·모멘텀), TLSA(early·모멘텀)
2026-07-13 15:12:32,716 [INFO] 감시 LGPS pnl=+0.8% price=1.19 age=0s
2026-07-13 15:12:43,301 [INFO] 감시 LGPS pnl=+1.6% price=1.20 age=0s
2026-07-13 15:12:53,882 [INFO] 감시 LGPS pnl=+1.6% price=1.20 age=0s
2026-07-13 15:13:04,465 [INFO] 감시 LGPS pnl=+1.3% price=1.20 age=0s
2026-07-13 15:13:15,048 [INFO] 감시 LGPS pnl=+1.7% price=1.20 age=0s
2026-07-13 15:13:25,635 [INFO] 감시 LGPS pnl=+1.7% price=1.20 age=0s
2026-07-13 15:13:36,222 [INFO] 감시 LGPS pnl=+1.0% price=1.19 age=0s
2026-07-13 15:13:46,356 [INFO] 스캔완료 후보=17 초입=7 추격=10 통과=0 매수=0 보유=1/3 | 탈락: VG(early·모멘텀), LABD(거래소), SOXS(거래소), SOC(early·모멘텀), PED(early·모멘텀)
2026-07-13 15:13:46,401 [INFO] 감시 LGPS pnl=+0.8% price=1.19 age=0s
2026-07-13 15:13:56,994 [INFO] 감시 LGPS pnl=+1.6% price=1.20 age=0s
2026-07-13 15:14:07,583 [INFO] 감시 LGPS pnl=+0.8% price=1.19 age=0s
2026-07-13 15:14:18,182 [INFO] 감시 LGPS pnl=+1.8% price=1.20 age=0s
2026-07-13 15:14:28,768 [INFO] 감시 LGPS pnl=+2.5% price=1.21 age=0s
2026-07-13 15:14:39,354 [INFO] 감시 LGPS pnl=+1.7% price=1.20 age=0s
2026-07-13 15:14:49,945 [INFO] 감시 LGPS pnl=+2.5% price=1.21 age=0s
2026-07-13 15:14:58,862 [INFO] 스캔완료 후보=15 초입=5 추격=10 통과=0 매수=0 보유=1/3 | 탈락: LABD(거래소), VG(early·모멘텀), SOXS(거래소), TDTH(early·모멘텀), IONZ(early·모멘텀)
2026-07-13 15:14:58,909 [INFO] 감시 LGPS pnl=+1.7% price=1.20 age=0s
2026-07-13 15:15:09,507 [INFO] 감시 LGPS pnl=+2.5% price=1.21 age=0s
2026-07-13 15:15:20,097 [INFO] 감시 LGPS pnl=+2.1% price=1.21 age=0s
2026-07-13 15:15:30,693 [INFO] 감시 LGPS pnl=+1.7% price=1.20 age=0s
2026-07-13 15:15:41,284 [INFO] 감시 LGPS pnl=+1.3% price=1.20 age=0s
2026-07-13 15:15:51,880 [INFO] 감시 LGPS pnl=+1.3% price=1.20 age=0s
2026-07-13 15:16:02,481 [INFO] 감시 LGPS pnl=+1.6% price=1.20 age=0s
2026-07-13 15:16:12,072 [INFO] 스캔완료 후보=13 초입=3 추격=10 통과=0 매수=0 보유=1/3 | 탈락: LABD(거래소), VG(early·모멘텀), SOXS(거래소), TROO(chase·모멘텀), SKYQ(chase·모멘텀)
2026-07-13 15:16:12,123 [INFO] 감시 LGPS pnl=+0.9% price=1.19 age=0s
2026-07-13 15:16:22,725 [INFO] 감시 LGPS pnl=+1.3% price=1.20 age=0s
2026-07-13 15:16:33,312 [INFO] 감시 LGPS pnl=+1.3% price=1.20 age=0s
2026-07-13 15:16:43,905 [INFO] 감시 LGPS pnl=+0.8% price=1.19 age=0s
2026-07-13 15:16:54,492 [INFO] 감시 LGPS pnl=+1.7% price=1.20 age=0s
2026-07-13 15:17:05,071 [INFO] 감시 LGPS pnl=+0.9% price=1.19 age=0s
2026-07-13 15:17:15,652 [INFO] 감시 LGPS pnl=+0.8% price=1.19 age=0s
2026-07-13 15:17:25,206 [INFO] 스캔완료 후보=13 초입=3 추격=10 통과=0 매수=0 보유=1/3 | 탈락: LABD(거래소), VG(early·모멘텀), SOXS(거래소), TROO(chase·모멘텀), ACTU(chase·모멘텀)
2026-07-13 15:17:25,257 [INFO] 감시 LGPS pnl=-0.8% price=1.17 age=0s
2026-07-13 15:17:35,853 [INFO] 감시 LGPS pnl=-0.8% price=1.17 age=0s
2026-07-13 15:17:46,441 [INFO] 감시 LGPS pnl=-0.8% price=1.17 age=0s
2026-07-13 15:17:57,238 [INFO] 감시 LGPS pnl=-0.8% price=1.17 age=0s
2026-07-13 15:18:07,827 [INFO] 감시 LGPS pnl=-0.7% price=1.17 age=0s
2026-07-13 15:18:18,422 [INFO] 감시 LGPS pnl=+0.4% price=1.19 age=0s
2026-07-13 15:18:29,014 [INFO] 감시 LGPS pnl=+0.8% price=1.19 age=0s
2026-07-13 15:18:38,549 [INFO] 스캔완료 후보=13 초입=3 추격=10 통과=0 매수=0 보유=1/3 | 탈락: LABD(거래소), VG(early·모멘텀), SOXS(거래소), TROO(chase·모멘텀), MI(chase·모멘텀)
2026-07-13 15:18:38,598 [INFO] 감시 LGPS pnl=+0.7% price=1.19 age=0s
2026-07-13 15:18:49,180 [INFO] 감시 LGPS pnl=+0.0% price=1.18 age=0s
2026-07-13 15:18:59,777 [INFO] 감시 LGPS pnl=+0.0% price=1.18 age=0s
2026-07-13 15:19:10,373 [INFO] 감시 LGPS pnl=+0.8% price=1.19 age=0s
2026-07-13 15:19:20,975 [INFO] 감시 LGPS pnl=+0.1% price=1.18 age=0s
2026-07-13 15:19:31,569 [INFO] 감시 LGPS pnl=+0.0% price=1.18 age=0s
2026-07-13 15:19:42,159 [INFO] 감시 LGPS pnl=+0.0% price=1.18 age=0s
2026-07-13 15:19:51,675 [INFO] 스캔완료 후보=13 초입=3 추격=10 통과=0 매수=0 보유=1/3 | 탈락: VG(early·모멘텀), LABD(거래소), SOXS(거래소), ACTU(chase·모멘텀), TROO(chase·모멘텀)
2026-07-13 15:19:51,722 [INFO] 감시 LGPS pnl=-0.8% price=1.17 age=0s
2026-07-13 15:20:02,351 [INFO] 감시 LGPS pnl=+0.0% price=1.18 age=0s
2026-07-13 15:20:04,339 [INFO] TG: 💰 매도[추격] LGPS 169주 @$1.18 — 시간청산 15분 (+0.0%)
2026-07-13 15:21:09,426 [INFO] TG: 🟢 매수[추격] BRAI 21주 @$9.29 [NASD] (+68.5%)
2026-07-13 15:21:10,720 [INFO] 스캔완료 후보=12 초입=3 추격=9 통과=1 매수=1 보유=1/3 | 통과: BRAI(chase) | 탈락: VG(early·모멘텀), LABD(거래소), SOXS(거래소), TROO(chase·모멘텀), ACTU(chase·모멘텀)
2026-07-13 15:21:10,764 [INFO] 감시 BRAI pnl=+2.8% price=9.55 age=0s
2026-07-13 15:21:21,390 [INFO] 감시 BRAI pnl=+1.9% price=9.47 age=0s
2026-07-13 15:21:31,976 [INFO] 감시 BRAI pnl=+1.9% price=9.47 age=0s
2026-07-13 15:21:42,582 [INFO] 감시 BRAI pnl=+1.3% price=9.41 age=0s
2026-07-13 15:21:53,184 [INFO] 감시 BRAI pnl=+0.9% price=9.37 age=0s
2026-07-13 15:22:03,777 [INFO] 감시 BRAI pnl=+2.3% price=9.50 age=0s
2026-07-13 15:22:14,367 [INFO] 감시 BRAI pnl=+1.3% price=9.41 age=0s
2026-07-13 15:22:24,537 [INFO] 스캔완료 후보=12 초입=3 추격=9 통과=0 매수=0 보유=1/3 | 탈락: VG(early·모멘텀), LABD(거래소), SOXS(거래소), TROO(chase·모멘텀), ACTU(chase·모멘텀)
2026-07-13 15:22:24,580 [INFO] 감시 BRAI pnl=+2.3% price=9.50 age=0s
2026-07-13 15:22:35,199 [INFO] 감시 BRAI pnl=+1.7% price=9.45 age=0s
2026-07-13 15:22:45,815 [INFO] 감시 BRAI pnl=+3.1% price=9.58 age=0s
2026-07-13 15:22:58,398 [INFO] 감시 BRAI pnl=+3.3% price=9.60 age=0s
2026-07-13 15:23:10,999 [INFO] 감시 BRAI pnl=+3.2% price=9.59 age=0s
2026-07-13 15:23:23,609 [INFO] 감시 BRAI pnl=+4.2% price=9.68 age=0s
2026-07-13 15:23:35,168 [INFO] 스캔완료 후보=14 초입=3 추격=11 통과=0 매수=0 보유=1/3 | 탈락: VG(early·모멘텀), LABD(거래소), SOXS(거래소), MTVA(chase·모멘텀), UBXG(chase·모멘텀)
2026-07-13 15:23:35,209 [INFO] 감시 BRAI pnl=+4.1% price=9.67 age=0s
2026-07-13 15:23:47,822 [INFO] 감시 BRAI pnl=+3.8% price=9.65 age=0s
2026-07-13 15:24:00,468 [INFO] 감시 BRAI pnl=+2.3% price=9.50 age=0s
2026-07-13 15:24:11,065 [INFO] 감시 BRAI pnl=+1.5% price=9.43 age=0s
2026-07-13 15:24:21,657 [INFO] 감시 BRAI pnl=+2.1% price=9.48 age=0s
2026-07-13 15:24:32,244 [INFO] 감시 BRAI pnl=+2.1% price=9.48 age=0s
2026-07-13 15:24:42,831 [INFO] 감시 BRAI pnl=+2.4% price=9.51 age=0s
2026-07-13 15:24:53,080 [INFO] 스캔완료 후보=12 초입=3 추격=9 통과=0 매수=0 보유=1/3 | 탈락: VG(early·모멘텀), LABD(거래소), SOXS(거래소), TROO(chase·모멘텀), MI(chase·모멘텀)
2026-07-13 15:24:53,125 [INFO] 감시 BRAI pnl=+1.4% price=9.42 age=0s
2026-07-13 15:25:03,707 [INFO] 감시 BRAI pnl=+0.1% price=9.30 age=0s
2026-07-13 15:25:14,291 [INFO] 감시 BRAI pnl=-0.2% price=9.27 age=0s
2026-07-13 15:25:24,885 [INFO] 감시 BRAI pnl=+2.5% price=9.52 age=0s
2026-07-13 15:25:35,472 [INFO] 감시 BRAI pnl=+1.7% price=9.45 age=0s
2026-07-13 15:25:46,058 [INFO] 감시 BRAI pnl=+3.6% price=9.63 age=0s
2026-07-13 15:25:48,128 [INFO] TG: 💰 매도[추격] BRAI 21주 @$9.63 — 익절 +3.6%
2026-07-13 15:26:09,986 [INFO] 스캔완료 후보=13 초입=4 추격=9 통과=0 매수=0 보유=0/3 | 탈락: VG(early·모멘텀), LABD(거래소), SOXS(거래소), FUBO(early·모멘텀), TROO(chase·모멘텀)
2026-07-13 15:27:23,509 [INFO] 스캔완료 후보=12 초입=3 추격=9 통과=0 매수=0 보유=0/3 | 탈락: VG(early·모멘텀), LABD(거래소), SOXS(거래소), TROO(chase·모멘텀), SKYQ(chase·모멘텀)
2026-07-13 15:28:35,731 [INFO] 스캔완료 후보=11 초입=2 추격=9 통과=0 매수=0 보유=0/3 | 탈락: LABD(거래소), SOXS(거래소), TROO(chase·모멘텀), SKYQ(chase·모멘텀), MI(chase·모멘텀)
2026-07-13 15:29:47,497 [INFO] 스캔완료 후보=10 초입=2 추격=8 통과=0 매수=0 보유=0/3 | 탈락: LABD(거래소), SOXS(거래소), TROO(chase·모멘텀), SKYQ(chase·모멘텀), ACTU(chase·모멘텀)
2026-07-13 15:30:59,441 [INFO] 스캔완료 후보=10 초입=2 추격=8 통과=0 매수=0 보유=0/3 | 탈락: LABD(거래소), SOXS(거래소), TROO(chase·모멘텀), SKYQ(chase·모멘텀), ACTU(chase·모멘텀)
2026-07-13 15:32:11,269 [INFO] 스캔완료 후보=10 초입=2 추격=8 통과=0 매수=0 보유=0/3 | 탈락: LABD(거래소), SOXS(거래소), TROO(chase·모멘텀), SKYQ(chase·모멘텀), ACTU(chase·모멘텀)
2026-07-13 15:33:22,984 [INFO] 스캔완료 후보=10 초입=2 추격=8 통과=0 매수=0 보유=0/3 | 탈락: LABD(거래소), SOXS(거래소), TROO(chase·모멘텀), SKYQ(chase·모멘텀), ACTU(chase·모멘텀)
2026-07-13 15:34:34,661 [INFO] 스캔완료 후보=10 초입=2 추격=8 통과=0 매수=0 보유=0/3 | 탈락: LABD(거래소), SOXS(거래소), TROO(chase·모멘텀), ACTU(chase·모멘텀), SKYQ(chase·모멘텀)
2026-07-13 15:35:47,670 [INFO] 스캔완료 후보=11 초입=2 추격=9 통과=0 매수=0 보유=0/3 | 탈락: LABD(거래소), SOXS(거래소), MTVA(chase·모멘텀), TROO(chase·모멘텀), ACTU(chase·모멘텀)
2026-07-13 15:37:00,375 [INFO] 스캔완료 후보=10 초입=2 추격=8 통과=0 매수=0 보유=0/3 | 탈락: LABD(거래소), SOXS(거래소), TROO(chase·모멘텀), ACTU(chase·모멘텀), SKYQ(chase·모멘텀)
2026-07-13 15:38:15,470 [INFO] 스캔완료 후보=12 초입=3 추격=9 통과=0 매수=0 보유=0/3 | 탈락: CLF(early·모멘텀), LABD(거래소), SOXS(거래소), BATL(chase·모멘텀), ACTU(chase·모멘텀)
2026-07-13 15:39:29,312 [INFO] 스캔완료 후보=11 초입=2 추격=9 통과=0 매수=0 보유=0/3 | 탈락: LABD(거래소), SOXS(거래소), BATL(chase·모멘텀), ACTU(chase·모멘텀), TROO(chase·모멘텀)
2026-07-13 15:40:42,741 [INFO] 스캔완료 후보=11 초입=2 추격=9 통과=0 매수=0 보유=0/3 | 탈락: LABD(거래소), SOXS(거래소), TROO(chase·모멘텀), MI(chase·모멘텀), ACTU(chase·모멘텀)
2026-07-13 15:41:56,007 [INFO] 스캔완료 후보=11 초입=2 추격=9 통과=0 매수=0 보유=0/3 | 탈락: LABD(거래소), SOXS(거래소), TROO(chase·모멘텀), MI(chase·모멘텀), ACTU(chase·모멘텀)
2026-07-13 15:43:09,365 [INFO] 스캔완료 후보=11 초입=2 추격=9 통과=0 매수=0 보유=0/3 | 탈락: LABD(거래소), SOXS(거래소), TROO(chase·모멘텀), MI(chase·모멘텀), SKYQ(chase·모멘텀)
2026-07-13 15:44:22,641 [INFO] 스캔완료 후보=11 초입=2 추격=9 통과=0 매수=0 보유=0/3 | 탈락: LABD(거래소), SOXS(거래소), SNDQ(거래소), ACTU(chase·모멘텀), MI(chase·모멘텀)
2026-07-13 15:45:36,772 [INFO] 스캔완료 후보=12 초입=2 추격=10 통과=0 매수=0 보유=0/3 | 탈락: LABD(거래소), SOXS(거래소), SNDQ(거래소), TROO(chase·모멘텀), ACTU(chase·모멘텀)
2026-07-13 15:46:50,068 [INFO] 스캔완료 후보=11 초입=2 추격=9 통과=0 매수=0 보유=0/3 | 탈락: LABD(거래소), SOXS(거래소), SNDQ(거래소), MI(chase·모멘텀), ACTU(chase·모멘텀)
2026-07-13 15:48:03,412 [INFO] 스캔완료 후보=13 초입=3 추격=10 통과=0 매수=0 보유=0/3 | 탈락: DAMD(거래소), LABD(거래소), SOXS(거래소), TROO(chase·모멘텀), SNDQ(거래소)
2026-07-13 15:49:16,769 [INFO] 스캔완료 후보=13 초입=3 추격=10 통과=0 매수=0 보유=0/3 | 탈락: DAMD(거래소), LABD(거래소), SOXS(거래소), TROO(chase·모멘텀), SNDQ(거래소)
2026-07-13 15:50:30,697 [INFO] 스캔완료 후보=12 초입=3 추격=9 통과=0 매수=0 보유=0/3 | 탈락: DAMD(거래소), LABD(거래소), SOXS(거래소), SNDQ(거래소), TROO(chase·모멘텀)
2026-07-13 15:51:44,524 [INFO] 스캔완료 후보=14 초입=5 추격=9 통과=0 매수=0 보유=0/3 | 탈락: CLF(early·모멘텀), DAMD(거래소), VG(early·모멘텀), LABD(거래소), SOXS(거래소)
2026-07-13 15:52:58,366 [INFO] 스캔완료 후보=14 초입=5 추격=9 통과=0 매수=0 보유=0/3 | 탈락: CLF(early·모멘텀), DAMD(거래소), VG(early·모멘텀), LABD(거래소), SOXS(거래소)
2026-07-13 15:54:12,309 [INFO] 스캔완료 후보=14 초입=5 추격=9 통과=0 매수=0 보유=0/3 | 탈락: DAMD(거래소), CLF(early·모멘텀), VG(early·모멘텀), LABD(거래소), SOXS(거래소)
2026-07-13 15:55:26,140 [INFO] 스캔완료 후보=15 초입=5 추격=10 통과=0 매수=0 보유=0/3 | 탈락: DAMD(거래소), CLF(early·모멘텀), VG(early·모멘텀), LABD(거래소), SOXS(거래소)
2026-07-13 15:56:40,013 [INFO] 스캔완료 후보=15 초입=5 추격=10 통과=0 매수=0 보유=0/3 | 탈락: CLF(early·모멘텀), DAMD(거래소), VG(early·모멘텀), LABD(거래소), SOXS(거래소)
2026-07-13 15:57:53,835 [INFO] 스캔완료 후보=15 초입=5 추격=10 통과=0 매수=0 보유=0/3 | 탈락: CLF(early·모멘텀), DAMD(거래소), VG(early·모멘텀), LABD(거래소), SOXS(거래소)
2026-07-13 15:59:07,754 [INFO] 스캔완료 후보=14 초입=4 추격=10 통과=0 매수=0 보유=0/3 | 탈락: CLF(early·모멘텀), DAMD(거래소), LABD(거래소), SOXS(거래소), SNDQ(거래소)
2026-07-13 16:00:21,955 [INFO] 스캔완료 후보=13 초입=4 추격=9 통과=0 매수=0 보유=0/3 | 탈락: CLF(early·모멘텀), DAMD(거래소), LABD(거래소), SOXS(거래소), TROO(chase·모멘텀)
2026-07-13 16:01:36,090 [INFO] 스캔완료 후보=13 초입=4 추격=9 통과=0 매수=0 보유=0/3 | 탈락: CLF(early·모멘텀), DAMD(거래소), LABD(거래소), SOXS(거래소), TROO(chase·모멘텀)
2026-07-13 16:02:50,160 [INFO] 스캔완료 후보=13 초입=4 추격=9 통과=0 매수=0 보유=0/3 | 탈락: CLF(early·모멘텀), DAMD(거래소), LABD(거래소), SOXS(거래소), SNDQ(거래소)
2026-07-13 16:04:04,057 [INFO] 스캔완료 후보=13 초입=4 추격=9 통과=0 매수=0 보유=0/3 | 탈락: CLF(early·모멘텀), DAMD(거래소), LABD(거래소), SOXS(거래소), ACTU(chase·모멘텀)
2026-07-13 16:05:17,554 [INFO] 스캔완료 후보=11 초입=3 추격=8 통과=0 매수=0 보유=0/3 | 탈락: DAMD(거래소), LABD(거래소), SOXS(거래소), SNDQ(거래소), SKYQ(chase·모멘텀)
2026-07-13 16:06:31,541 [INFO] 스캔완료 후보=12 초입=3 추격=9 통과=0 매수=0 보유=0/3 | 탈락: DAMD(거래소), LABD(거래소), SOXS(거래소), ACTU(chase·모멘텀), SNDQ(거래소)
2026-07-13 16:07:45,409 [INFO] 스캔완료 후보=12 초입=3 추격=9 통과=0 매수=0 보유=0/3 | 탈락: DAMD(거래소), LABD(거래소), SOXS(거래소), ACTU(chase·모멘텀), SNDQ(거래소)
2026-07-13 16:08:59,313 [INFO] 스캔완료 후보=12 초입=3 추격=9 통과=0 매수=0 보유=0/3 | 탈락: DAMD(거래소), LABD(거래소), SOXS(거래소), ACTU(chase·모멘텀), SNDQ(거래소)
2026-07-13 16:10:13,331 [INFO] 스캔완료 후보=12 초입=3 추격=9 통과=0 매수=0 보유=0/3 | 탈락: DAMD(거래소), LABD(거래소), SOXS(거래소), MI(chase·모멘텀), TROO(chase·모멘텀)
2026-07-13 16:11:26,755 [INFO] 스캔완료 후보=11 초입=3 추격=8 통과=0 매수=0 보유=0/3 | 탈락: DAMD(거래소), LABD(거래소), SOXS(거래소), MI(chase·모멘텀), SNDQ(거래소)
2026-07-13 16:12:41,272 [INFO] 스캔완료 후보=12 초입=3 추격=9 통과=0 매수=0 보유=0/3 | 탈락: DAMD(거래소), LABD(거래소), SOXS(거래소), MI(chase·모멘텀), SNDQ(거래소)
2026-07-13 16:13:54,479 [INFO] 스캔완료 후보=11 초입=3 추격=8 통과=0 매수=0 보유=0/3 | 탈락: DAMD(거래소), LABD(거래소), SOXS(거래소), MI(chase·모멘텀), SKYQ(chase·모멘텀)
2026-07-13 16:15:10,126 [INFO] 스캔완료 후보=12 초입=4 추격=8 통과=0 매수=0 보유=0/3 | 탈락: CLF(early·모멘텀), DAMD(거래소), LABD(거래소), SOXS(거래소), SKYQ(chase·모멘텀)
2026-07-13 16:16:23,680 [INFO] 스캔완료 후보=10 초입=2 추격=8 통과=0 매수=0 보유=0/3 | 탈락: DAMD(거래소), LABD(거래소), AURE(chase·모멘텀), SKYQ(chase·모멘텀), SNDQ(거래소)
2026-07-13 16:17:37,563 [INFO] 스캔완료 후보=11 초입=2 추격=9 통과=0 매수=0 보유=0/3 | 탈락: DAMD(거래소), LABD(거래소), TROO(chase·모멘텀), SKYQ(chase·모멘텀), AURE(chase·모멘텀)
2026-07-13 16:18:51,499 [INFO] 스캔완료 후보=11 초입=2 추격=9 통과=0 매수=0 보유=0/3 | 탈락: DAMD(거래소), LABD(거래소), TROO(chase·모멘텀), SKYQ(chase·모멘텀), AURE(chase·모멘텀)
2026-07-13 16:20:05,499 [INFO] 스캔완료 후보=11 초입=2 추격=9 통과=0 매수=0 보유=0/3 | 탈락: DAMD(거래소), LABD(거래소), TROO(chase·모멘텀), AURE(chase·모멘텀), SKYQ(chase·모멘텀)
2026-07-13 16:21:19,387 [INFO] 스캔완료 후보=11 초입=2 추격=9 통과=0 매수=0 보유=0/3 | 탈락: DAMD(거래소), LABD(거래소), AURE(chase·모멘텀), MI(chase·모멘텀), SKYQ(chase·모멘텀)
2026-07-13 16:22:32,677 [INFO] 스캔완료 후보=10 초입=2 추격=8 통과=0 매수=0 보유=0/3 | 탈락: DAMD(거래소), LABD(거래소), AURE(chase·모멘텀), SKYQ(chase·모멘텀), SNDQ(거래소)
2026-07-13 16:23:46,494 [INFO] 스캔완료 후보=11 초입=2 추격=9 통과=0 매수=0 보유=0/3 | 탈락: DAMD(거래소), LABD(거래소), TROO(chase·모멘텀), AURE(chase·모멘텀), SNDQ(거래소)
2026-07-13 16:25:00,296 [INFO] 스캔완료 후보=11 초입=2 추격=9 통과=0 매수=0 보유=0/3 | 탈락: DAMD(거래소), LABD(거래소), TROO(chase·모멘텀), AURE(chase·모멘텀), SKYQ(chase·모멘텀)
2026-07-13 16:26:14,212 [INFO] 스캔완료 후보=11 초입=2 추격=9 통과=0 매수=0 보유=0/3 | 탈락: DAMD(거래소), LABD(거래소), TROO(chase·모멘텀), AURE(chase·모멘텀), SKYQ(chase·모멘텀)
2026-07-13 16:27:28,095 [INFO] 스캔완료 후보=11 초입=2 추격=9 통과=0 매수=0 보유=0/3 | 탈락: DAMD(거래소), LABD(거래소), TROO(chase·모멘텀), AURE(chase·모멘텀), SKYQ(chase·모멘텀)
2026-07-13 16:28:41,384 [INFO] 스캔완료 후보=10 초입=2 추격=8 통과=0 매수=0 보유=0/3 | 탈락: DAMD(거래소), LABD(거래소), AURE(chase·모멘텀), SKYQ(chase·모멘텀), SNDQ(거래소)
2026-07-13 16:29:54,093 [INFO] 스캔완료 후보=10 초입=2 추격=8 통과=0 매수=0 보유=0/3 | 탈락: DAMD(거래소), LABD(거래소), MI(chase·모멘텀), SNDQ(거래소), SKYQ(chase·모멘텀)
2026-07-13 16:31:06,991 [INFO] 스캔완료 후보=10 초입=2 추격=8 통과=0 매수=0 보유=0/3 | 탈락: DAMD(거래소), LABD(거래소), MI(chase·모멘텀), SKYQ(chase·모멘텀), SNDQ(거래소)
2026-07-13 16:32:22,140 [INFO] 스캔완료 후보=12 초입=3 추격=9 통과=0 매수=0 보유=0/3 | 탈락: NVD(early·모멘텀), DAMD(거래소), LABD(거래소), MI(chase·모멘텀), WFF(chase·모멘텀)
2026-07-13 16:33:37,296 [INFO] 스캔완료 후보=13 초입=3 추격=10 통과=0 매수=0 보유=0/3 | 탈락: NVD(early·모멘텀), DAMD(거래소), LABD(거래소), MI(chase·모멘텀), NVVE(chase·모멘텀)
2026-07-13 16:34:50,628 [INFO] 스캔완료 후보=10 초입=3 추격=7 통과=0 매수=0 보유=0/3 | 탈락: NVD(early·모멘텀), DAMD(거래소), LABD(거래소), SKYQ(chase·모멘텀), SNDQ(거래소)
2026-07-13 16:36:05,447 [INFO] 스캔완료 후보=11 초입=3 추격=8 통과=0 매수=0 보유=0/3 | 탈락: NVD(early·모멘텀), DAMD(거래소), LABD(거래소), AURE(chase·모멘텀), SKYQ(chase·모멘텀)
2026-07-13 16:37:20,542 [INFO] 스캔완료 후보=13 초입=4 추격=9 통과=0 매수=0 보유=0/3 | 탈락: NVD(early·모멘텀), DAMD(거래소), LABD(거래소), BATL(early·모멘텀), NVVE(chase·모멘텀)
2026-07-13 16:38:35,607 [INFO] 스캔완료 후보=12 초입=4 추격=8 통과=0 매수=0 보유=0/3 | 탈락: NVD(early·모멘텀), LABD(거래소), DAMD(거래소), BATL(early·모멘텀), MI(chase·모멘텀)
2026-07-13 16:39:50,145 [INFO] 스캔완료 후보=12 초입=3 추격=9 통과=0 매수=0 보유=0/3 | 탈락: NVD(early·모멘텀), LABD(거래소), DAMD(거래소), TROO(chase·모멘텀), MI(chase·모멘텀)
2026-07-13 16:41:04,747 [INFO] 스캔완료 후보=12 초입=3 추격=9 통과=0 매수=0 보유=0/3 | 탈락: NVD(early·모멘텀), LABD(거래소), DAMD(거래소), TROO(chase·모멘텀), MI(chase·모멘텀)
2026-07-13 16:42:19,150 [INFO] 스캔완료 후보=13 초입=4 추격=9 통과=0 매수=0 보유=0/3 | 탈락: NVD(early·모멘텀), LABD(거래소), DAMD(거래소), BATL(early·모멘텀), TROO(chase·모멘텀)
2026-07-13 16:43:33,489 [INFO] 스캔완료 후보=12 초입=3 추격=9 통과=0 매수=0 보유=0/3 | 탈락: NVD(early·모멘텀), DAMD(거래소), LABD(거래소), TROO(chase·모멘텀), MI(chase·모멘텀)
2026-07-13 16:44:47,938 [INFO] 스캔완료 후보=12 초입=3 추격=9 통과=0 매수=0 보유=0/3 | 탈락: NVD(early·모멘텀), DAMD(거래소), LABD(거래소), TROO(chase·모멘텀), MI(chase·모멘텀)
2026-07-13 16:46:03,222 [INFO] 스캔완료 후보=12 초입=4 추격=8 통과=0 매수=0 보유=0/3 | 탈락: NVD(early·모멘텀), DAMD(거래소), LABD(거래소), BATL(early·모멘텀), MI(chase·모멘텀)
2026-07-13 16:47:17,758 [INFO] 스캔완료 후보=13 초입=4 추격=9 통과=0 매수=0 보유=0/3 | 탈락: NVD(early·모멘텀), DAMD(거래소), LABD(거래소), BATL(early·모멘텀), TROO(chase·모멘텀)
2026-07-13 16:48:32,239 [INFO] 스캔완료 후보=13 초입=3 추격=10 통과=0 매수=0 보유=0/3 | 탈락: NVD(early·모멘텀), DAMD(거래소), LABD(거래소), TROO(chase·모멘텀), AURE(chase·모멘텀)
2026-07-13 16:49:47,319 [INFO] 스캔완료 후보=14 초입=4 추격=10 통과=0 매수=0 보유=0/3 | 탈락: NVD(early·모멘텀), DAMD(거래소), LABD(거래소), BATL(early·모멘텀), NVVE(chase·모멘텀)
2026-07-13 16:51:02,363 [INFO] 스캔완료 후보=13 초입=4 추격=9 통과=0 매수=0 보유=0/3 | 탈락: NVD(early·모멘텀), LABD(거래소), DAMD(거래소), BATL(early·모멘텀), MI(chase·모멘텀)
2026-07-13 16:52:17,324 [INFO] 스캔완료 후보=13 초입=4 추격=9 통과=0 매수=0 보유=0/3 | 탈락: NVD(early·모멘텀), LABD(거래소), DAMD(거래소), BATL(early·모멘텀), AURE(chase·모멘텀)
2026-07-13 16:53:32,339 [INFO] 스캔완료 후보=12 초입=3 추격=9 통과=0 매수=0 보유=0/3 | 탈락: NVD(early·모멘텀), LABD(거래소), DAMD(거래소), AURE(chase·모멘텀), MI(chase·모멘텀)
2026-07-13 16:54:47,348 [INFO] 스캔완료 후보=13 초입=3 추격=10 통과=0 매수=0 보유=0/3 | 탈락: NVD(early·모멘텀), LABD(거래소), DAMD(거래소), AURE(chase·모멘텀), MI(chase·모멘텀)
2026-07-13 16:56:01,819 [INFO] 스캔완료 후보=15 초입=3 추격=12 통과=0 매수=0 보유=0/3 | 탈락: NVD(early·모멘텀), LABD(거래소), DAMD(거래소), NVVE(chase·모멘텀), TDTH(chase·모멘텀)
2026-07-13 16:57:15,708 [INFO] 스캔완료 후보=16 초입=3 추격=13 통과=0 매수=0 보유=0/3 | 탈락: NVD(early·모멘텀), LABD(거래소), DAMD(거래소), AURE(chase·모멘텀), MI(chase·모멘텀)
2026-07-13 16:58:29,550 [INFO] 스캔완료 후보=17 초입=4 추격=13 통과=0 매수=0 보유=0/3 | 탈락: NVD(early·모멘텀), TSDD(early·모멘텀), LABD(거래소), DAMD(거래소), ACTU(chase·모멘텀)
2026-07-13 16:59:43,371 [INFO] 스캔완료 후보=16 초입=4 추격=12 통과=0 매수=0 보유=0/3 | 탈락: NVD(early·모멘텀), TSDD(early·모멘텀), LABD(거래소), DAMD(거래소), MI(chase·모멘텀)
2026-07-13 17:00:58,061 [INFO] 스캔완료 후보=17 초입=4 추격=13 통과=0 매수=0 보유=0/3 | 탈락: NVD(early·모멘텀), TSDD(early·모멘텀), LABD(거래소), DAMD(거래소), ACTU(chase·모멘텀)
2026-07-13 17:02:12,611 [INFO] 스캔완료 후보=17 초입=4 추격=13 통과=0 매수=0 보유=0/3 | 탈락: NVD(early·모멘텀), TSDD(early·모멘텀), LABD(거래소), DAMD(거래소), ACTU(chase·모멘텀)
2026-07-13 17:03:27,176 [INFO] 스캔완료 후보=17 초입=4 추격=13 통과=0 매수=0 보유=0/3 | 탈락: NVD(early·모멘텀), LABD(거래소), TSDD(early·모멘텀), DAMD(거래소), ACTU(chase·모멘텀)
2026-07-13 17:04:41,537 [INFO] 스캔완료 후보=17 초입=4 추격=13 통과=0 매수=0 보유=0/3 | 탈락: NVD(early·모멘텀), TSDD(early·모멘텀), LABD(거래소), DAMD(거래소), WFF(chase·모멘텀)
2026-07-13 17:05:56,134 [INFO] 스캔완료 후보=17 초입=4 추격=13 통과=0 매수=0 보유=0/3 | 탈락: NVD(early·모멘텀), TSDD(early·모멘텀), LABD(거래소), DAMD(거래소), NVVE(chase·모멘텀)
2026-07-13 17:07:10,658 [INFO] 스캔완료 후보=16 초입=4 추격=12 통과=0 매수=0 보유=0/3 | 탈락: NVD(early·모멘텀), TSDD(early·모멘텀), LABD(거래소), DAMD(거래소), ACTU(chase·모멘텀)
2026-07-13 17:08:25,292 [INFO] 스캔완료 후보=16 초입=4 추격=12 통과=0 매수=0 보유=0/3 | 탈락: NVD(early·모멘텀), TSDD(early·모멘텀), DAMD(거래소), LABD(거래소), ACTU(chase·모멘텀)
2026-07-13 17:09:40,397 [INFO] 스캔완료 후보=15 초입=4 추격=11 통과=0 매수=0 보유=0/3 | 탈락: NVD(early·모멘텀), TSDD(early·모멘텀), DAMD(거래소), LABD(거래소), ACTU(chase·모멘텀)
2026-07-13 17:10:54,880 [INFO] 스캔완료 후보=16 초입=4 추격=12 통과=0 매수=0 보유=0/3 | 탈락: NVD(early·모멘텀), TSDD(early·모멘텀), DAMD(거래소), LABD(거래소), TDTH(chase·모멘텀)
2026-07-13 17:12:09,550 [INFO] 스캔완료 후보=16 초입=4 추격=12 통과=0 매수=0 보유=0/3 | 탈락: NVD(early·모멘텀), TSDD(early·모멘텀), DAMD(거래소), LABD(거래소), TDTH(chase·모멘텀)
2026-07-13 17:13:24,096 [INFO] 스캔완료 후보=15 초입=4 추격=11 통과=0 매수=0 보유=0/3 | 탈락: NVD(early·모멘텀), TSDD(early·모멘텀), DAMD(거래소), LABD(거래소), ACTU(chase·모멘텀)
2026-07-13 17:14:39,146 [INFO] 스캔완료 후보=15 초입=4 추격=11 통과=0 매수=0 보유=0/3 | 탈락: NVD(early·모멘텀), TSDD(early·모멘텀), DAMD(거래소), LABD(거래소), ACTU(chase·모멘텀)
2026-07-13 17:15:53,310 [INFO] 스캔완료 후보=16 초입=4 추격=12 통과=0 매수=0 보유=0/3 | 탈락: NVD(early·모멘텀), TSDD(early·모멘텀), DAMD(거래소), LABD(거래소), TDTH(chase·모멘텀)
2026-07-13 17:17:07,416 [INFO] 스캔완료 후보=16 초입=4 추격=12 통과=0 매수=0 보유=0/3 | 탈락: NVD(early·모멘텀), TSDD(early·모멘텀), DAMD(거래소), LABD(거래소), TRNR(chase·모멘텀)
2026-07-13 17:18:22,577 [INFO] 스캔완료 후보=13 초입=4 추격=9 통과=0 매수=0 보유=0/3 | 탈락: NVD(early·모멘텀), TSDD(early·모멘텀), DAMD(거래소), LABD(거래소), ACTU(chase·모멘텀)
2026-07-13 17:19:37,691 [INFO] 스캔완료 후보=13 초입=4 추격=9 통과=0 매수=0 보유=0/3 | 탈락: NVD(early·모멘텀), TSDD(early·모멘텀), DAMD(거래소), LABD(거래소), ACTU(chase·모멘텀)
2026-07-13 17:20:52,926 [INFO] 스캔완료 후보=13 초입=4 추격=9 통과=0 매수=0 보유=0/3 | 탈락: NVD(early·모멘텀), TSDD(early·모멘텀), DAMD(거래소), LABD(거래소), ACTU(chase·모멘텀)
2026-07-13 17:22:08,176 [INFO] 스캔완료 후보=13 초입=4 추격=9 통과=0 매수=0 보유=0/3 | 탈락: NVD(early·모멘텀), TSDD(early·모멘텀), DAMD(거래소), LABD(거래소), ACTU(chase·모멘텀)
2026-07-13 17:23:23,321 [INFO] 스캔완료 후보=14 초입=4 추격=10 통과=0 매수=0 보유=0/3 | 탈락: NVD(early·모멘텀), TSDD(early·모멘텀), DAMD(거래소), LABD(거래소), NVVE(chase·모멘텀)
2026-07-13 17:24:38,422 [INFO] 스캔완료 후보=14 초입=4 추격=10 통과=0 매수=0 보유=0/3 | 탈락: NVD(early·모멘텀), TSDD(early·모멘텀), DAMD(거래소), LABD(거래소), NVVE(chase·모멘텀)
2026-07-13 17:25:53,535 [INFO] 스캔완료 후보=13 초입=4 추격=9 통과=0 매수=0 보유=0/3 | 탈락: NVD(early·모멘텀), TSDD(early·모멘텀), DAMD(거래소), LABD(거래소), ACTU(chase·모멘텀)
2026-07-13 17:27:09,231 [INFO] 스캔완료 후보=12 초입=4 추격=8 통과=0 매수=0 보유=0/3 | 탈락: NVD(early·모멘텀), TSDD(early·모멘텀), DAMD(거래소), LABD(거래소), SKYQ(chase·모멘텀)
2026-07-13 17:28:24,915 [INFO] 스캔완료 후보=14 초입=4 추격=10 통과=0 매수=0 보유=0/3 | 탈락: NVD(early·모멘텀), TSDD(early·모멘텀), DAMD(거래소), LABD(거래소), WFF(chase·모멘텀)
2026-07-13 17:29:39,357 [INFO] 스캔완료 후보=16 초입=4 추격=12 통과=0 매수=0 보유=0/3 | 탈락: NVD(early·모멘텀), TSDD(early·모멘텀), DAMD(거래소), LABD(거래소), UBXG(chase·모멘텀)
2026-07-13 17:30:54,645 [INFO] 스캔완료 후보=14 초입=3 추격=11 통과=0 매수=0 보유=0/3 | 탈락: NVD(early·모멘텀), DAMD(거래소), LABD(거래소), UBXG(chase·모멘텀), WFF(chase·모멘텀)
2026-07-13 17:32:10,499 [INFO] 스캔완료 후보=12 초입=3 추격=9 통과=0 매수=0 보유=0/3 | 탈락: NVD(early·모멘텀), DAMD(거래소), LABD(거래소), WFF(chase·모멘텀), SKYQ(chase·모멘텀)
2026-07-13 17:33:25,651 [INFO] 스캔완료 후보=14 초입=4 추격=10 통과=0 매수=0 보유=0/3 | 탈락: NVD(early·모멘텀), TSDD(early·모멘텀), DAMD(거래소), LABD(거래소), ACTU(chase·모멘텀)
2026-07-13 17:34:41,436 [INFO] 스캔완료 후보=14 초입=4 추격=10 통과=0 매수=0 보유=0/3 | 탈락: NVD(early·모멘텀), TSDD(early·모멘텀), DAMD(거래소), LABD(거래소), NVVE(chase·모멘텀)
2026-07-13 17:35:57,473 [INFO] 스캔완료 후보=14 초입=4 추격=10 통과=0 매수=0 보유=0/3 | 탈락: NVD(early·모멘텀), TSDD(early·모멘텀), DAMD(거래소), LABD(거래소), NVVE(chase·모멘텀)
2026-07-13 17:37:13,462 [INFO] 스캔완료 후보=13 초입=4 추격=9 통과=0 매수=0 보유=0/3 | 탈락: NVD(early·모멘텀), TSDD(early·모멘텀), DAMD(거래소), LABD(거래소), SKYQ(chase·모멘텀)
2026-07-13 17:38:29,365 [INFO] 스캔완료 후보=12 초입=4 추격=8 통과=0 매수=0 보유=0/3 | 탈락: NVD(early·모멘텀), TSDD(early·모멘텀), DAMD(거래소), LABD(거래소), SNDQ(거래소)
2026-07-13 17:39:45,239 [INFO] 스캔완료 후보=13 초입=4 추격=9 통과=0 매수=0 보유=0/3 | 탈락: NVD(early·모멘텀), DAMD(거래소), TSDD(early·모멘텀), LABD(거래소), SKYQ(chase·모멘텀)
2026-07-13 17:41:01,483 [INFO] 스캔완료 후보=13 초입=4 추격=9 통과=0 매수=0 보유=0/3 | 탈락: NVD(early·모멘텀), DAMD(거래소), TSDD(early·모멘텀), LABD(거래소), SKYQ(chase·모멘텀)
2026-07-13 17:42:16,737 [INFO] 스캔완료 후보=14 초입=4 추격=10 통과=0 매수=0 보유=0/3 | 탈락: NVD(early·모멘텀), DAMD(거래소), TSDD(early·모멘텀), LABD(거래소), SKYQ(chase·모멘텀)
2026-07-13 17:43:31,913 [INFO] 스캔완료 후보=13 초입=4 추격=9 통과=0 매수=0 보유=0/3 | 탈락: NVD(early·모멘텀), TSDD(early·모멘텀), DAMD(거래소), LABD(거래소), BATL(chase·모멘텀)
2026-07-13 17:44:46,977 [INFO] 스캔완료 후보=12 초입=4 추격=8 통과=0 매수=0 보유=0/3 | 탈락: NVD(early·모멘텀), TSDD(early·모멘텀), DAMD(거래소), LABD(거래소), UBXG(chase·모멘텀)
2026-07-13 17:46:02,395 [INFO] 스캔완료 후보=13 초입=4 추격=9 통과=0 매수=0 보유=0/3 | 탈락: NVD(early·모멘텀), TSDD(early·모멘텀), DAMD(거래소), LABD(거래소), BATL(chase·모멘텀)
2026-07-13 17:47:18,288 [INFO] 스캔완료 후보=14 초입=4 추격=10 통과=0 매수=0 보유=0/3 | 탈락: NVD(early·모멘텀), TSDD(early·모멘텀), DAMD(거래소), LABD(거래소), BATL(chase·모멘텀)
2026-07-13 17:48:34,337 [INFO] 스캔완료 후보=15 초입=5 추격=10 통과=0 매수=0 보유=0/3 | 탈락: CLF(early·모멘텀), NVD(early·모멘텀), TSDD(early·모멘텀), DAMD(거래소), LABD(거래소)
2026-07-13 17:49:48,780 [INFO] 스캔완료 후보=11 초입=4 추격=7 통과=0 매수=0 보유=0/3 | 탈락: NVD(early·모멘텀), TSDD(early·모멘텀), DAMD(거래소), LABD(거래소), SNDQ(거래소)
2026-07-13 17:51:03,640 [INFO] 스캔완료 후보=12 초입=4 추격=8 통과=0 매수=0 보유=0/3 | 탈락: NVD(early·모멘텀), TSDD(early·모멘텀), DAMD(거래소), LABD(거래소), SNDQ(거래소)
2026-07-13 17:52:18,743 [INFO] 스캔완료 후보=15 초입=4 추격=11 통과=0 매수=0 보유=0/3 | 탈락: NVD(early·모멘텀), TSDD(early·모멘텀), DAMD(거래소), LABD(거래소), VMAR(chase·모멘텀)
2026-07-13 17:53:33,742 [INFO] 스캔완료 후보=16 초입=3 추격=13 통과=0 매수=0 보유=0/3 | 탈락: NVD(early·모멘텀), DAMD(거래소), LABD(거래소), UBXG(chase·모멘텀), WFF(chase·모멘텀)
2026-07-13 17:54:48,830 [INFO] 스캔완료 후보=15 초입=3 추격=12 통과=0 매수=0 보유=0/3 | 탈락: NVD(early·모멘텀), DAMD(거래소), LABD(거래소), UBXG(chase·모멘텀), WFF(chase·모멘텀)
2026-07-13 17:56:03,965 [INFO] 스캔완료 후보=15 초입=3 추격=12 통과=0 매수=0 보유=0/3 | 탈락: NVD(early·모멘텀), DAMD(거래소), LABD(거래소), UBXG(chase·모멘텀), WFF(chase·모멘텀)
2026-07-13 17:57:19,211 [INFO] 스캔완료 후보=14 초입=3 추격=11 통과=0 매수=0 보유=0/3 | 탈락: NVD(early·모멘텀), DAMD(거래소), LABD(거래소), UBXG(chase·모멘텀), WFF(chase·모멘텀)
2026-07-13 17:58:34,336 [INFO] 스캔완료 후보=16 초입=3 추격=13 통과=0 매수=0 보유=0/3 | 탈락: NVD(early·모멘텀), DAMD(거래소), LABD(거래소), UBXG(chase·모멘텀), BATL(chase·모멘텀)
2026-07-13 17:59:49,326 [INFO] 스캔완료 후보=14 초입=3 추격=11 통과=0 매수=0 보유=0/3 | 탈락: NVD(early·모멘텀), DAMD(거래소), LABD(거래소), UBXG(chase·모멘텀), BATL(chase·모멘텀)
2026-07-13 18:01:04,779 [INFO] 스캔완료 후보=15 초입=3 추격=12 통과=0 매수=0 보유=0/3 | 탈락: NVD(early·모멘텀), DAMD(거래소), LABD(거래소), UBXG(chase·모멘텀), BATL(chase·모멘텀)
2026-07-13 18:02:19,866 [INFO] 스캔완료 후보=15 초입=4 추격=11 통과=0 매수=0 보유=0/3 | 탈락: CLF(early·모멘텀), NVD(early·모멘텀), DAMD(거래소), LABD(거래소), UBXG(chase·모멘텀)
2026-07-13 18:03:35,026 [INFO] 스캔완료 후보=16 초입=4 추격=12 통과=0 매수=0 보유=0/3 | 탈락: CLF(early·모멘텀), NVD(early·모멘텀), DAMD(거래소), LABD(거래소), BATL(chase·모멘텀)
2026-07-13 18:04:50,206 [INFO] 스캔완료 후보=16 초입=4 추격=12 통과=0 매수=0 보유=0/3 | 탈락: CLF(early·모멘텀), NVD(early·모멘텀), DAMD(거래소), LABD(거래소), BATL(chase·모멘텀)
2026-07-13 18:06:06,076 [INFO] 스캔완료 후보=15 초입=4 추격=11 통과=0 매수=0 보유=0/3 | 탈락: CLF(early·모멘텀), NVD(early·모멘텀), DAMD(거래소), LABD(거래소), UBXG(chase·모멘텀)
2026-07-13 18:07:22,154 [INFO] 스캔완료 후보=13 초입=3 추격=10 통과=0 매수=0 보유=0/3 | 탈락: NVD(early·모멘텀), DAMD(거래소), LABD(거래소), SNDQ(거래소), VMAR(chase·모멘텀)
2026-07-13 18:08:38,113 [INFO] 스캔완료 후보=14 초입=3 추격=11 통과=0 매수=0 보유=0/3 | 탈락: NVD(early·모멘텀), DAMD(거래소), LABD(거래소), BATL(chase·모멘텀), SNDQ(거래소)
